05/06/2019 09:57:29 TraditionalRDModel, 3984600 parameters
05/06/2019 09:57:29 {
 "train_batchsize": 64,
 "valid_batchsize": 64,
 "emb_dim": 300,
 "q_hidden": 150,
 "rel_hidden": 150,
 "merge_fts_dim": 100,
 "sru_ly_num": 1,
 "dropout_emb": 0.35,
 "dropout_rnn": 0.1,
 "dropout_liner": 0.3,
 "dropout_rnn_output": true,
 "concat_rnn_layers": false,
 "res_net": false,
 "with_wh": true,
 "static_wh": true,
 "with_wh_dynamic": false,
 "use_wh_hot": false,
 "with_selection": true,
 "without_interactive": false,
 "review_rate": 0.2,
 "valid_q_max_num": 10,
 "optimizer": "adamax",
 "learning_rate": 0.001,
 "weight_decay": 0,
 "momentum": 0,
 "train_idx": "webqsp",
 "dev": 1,
 "log_file": "logs/New_exp_idx_webqsp_on_1.log",
 "loss_file": "logs/New_exp_idx_webqsp_on_1.loss",
 "model_dir": "models/New_exp_idx_webqsp_on_1/",
 "resume_dsrc_flag": false,
 "trained_model": "models/New_exp_idx_with_select_with_wh_0.2_kept_rate_adv_no_selection_on_1/model_epoch_-1.h5."
}
05/06/2019 09:57:42 batch_idx=1000, loss=0.06144045665860176, adv_loss=0
05/06/2019 09:57:53 batch_idx=2000, loss=0.04326312988996506, adv_loss=0
05/06/2019 09:58:04 batch_idx=3000, loss=0.03483043983578682, adv_loss=0
05/06/2019 09:58:14 batch_idx=4000, loss=0.029724255204200745, adv_loss=0
05/06/2019 09:58:25 batch_idx=5000, loss=0.026096206158399582, adv_loss=0
05/06/2019 09:58:27 ================================= epoch: 0 ==================================
05/06/2019 09:58:27 loss=0.025544453412294388
05/06/2019 09:58:27 train_loss_not_null=28730.0, total_train_num=332518,
05/06/2019 09:58:31 new best valid f1 found
05/06/2019 09:58:31 r_f1=0.7550030321406913
05/06/2019 09:58:44 batch_idx=1000, loss=0.009408528916537762, adv_loss=0
05/06/2019 09:58:55 batch_idx=2000, loss=0.009138698689639568, adv_loss=0
05/06/2019 09:59:06 batch_idx=3000, loss=0.008579188026487827, adv_loss=0
05/06/2019 09:59:17 batch_idx=4000, loss=0.008206763304769993, adv_loss=0
05/06/2019 09:59:27 batch_idx=5000, loss=0.00785078201442957, adv_loss=0
05/06/2019 09:59:30 ================================= epoch: 1 ==================================
05/06/2019 09:59:30 loss=0.007832500152289867
05/06/2019 09:59:30 train_loss_not_null=10566.0, total_train_num=332518,
05/06/2019 09:59:34 new best valid f1 found
05/06/2019 09:59:34 r_f1=0.7962401455427531
05/06/2019 09:59:47 batch_idx=1000, loss=0.005654024891555309, adv_loss=0
05/06/2019 09:59:58 batch_idx=2000, loss=0.00568185793235898, adv_loss=0
05/06/2019 10:00:09 batch_idx=3000, loss=0.005630520638078451, adv_loss=0
05/06/2019 10:00:20 batch_idx=4000, loss=0.005450752563774586, adv_loss=0
05/06/2019 10:00:30 batch_idx=5000, loss=0.005298974458128214, adv_loss=0
05/06/2019 10:00:33 ================================= epoch: 2 ==================================
05/06/2019 10:00:33 loss=0.005284955725073814
05/06/2019 10:00:33 train_loss_not_null=7408.0, total_train_num=332518,
05/06/2019 10:00:37 new best valid f1 found
05/06/2019 10:00:37 r_f1=0.8265615524560339
05/06/2019 10:00:50 batch_idx=1000, loss=0.00432297307997942, adv_loss=0
05/06/2019 10:01:01 batch_idx=2000, loss=0.004290308803319931, adv_loss=0
05/06/2019 10:01:12 batch_idx=3000, loss=0.004176572896540165, adv_loss=0
05/06/2019 10:01:23 batch_idx=4000, loss=0.00416150689125061, adv_loss=0
05/06/2019 10:01:34 batch_idx=5000, loss=0.004094203468412161, adv_loss=0
05/06/2019 10:01:36 ================================= epoch: 3 ==================================
05/06/2019 10:01:36 loss=0.004069134593009949
05/06/2019 10:01:36 train_loss_not_null=5870.0, total_train_num=332518,
05/06/2019 10:01:40 new best valid f1 found
05/06/2019 10:01:40 r_f1=0.8350515463917526
05/06/2019 10:01:53 batch_idx=1000, loss=0.0036907366011291742, adv_loss=0
05/06/2019 10:02:04 batch_idx=2000, loss=0.0035639728885143995, adv_loss=0
05/06/2019 10:02:15 batch_idx=3000, loss=0.00347594590857625, adv_loss=0
05/06/2019 10:02:26 batch_idx=4000, loss=0.003419914748519659, adv_loss=0
05/06/2019 10:02:37 batch_idx=5000, loss=0.003385671181604266, adv_loss=0
05/06/2019 10:02:39 ================================= epoch: 4 ==================================
05/06/2019 10:02:39 loss=0.003378271823748946
05/06/2019 10:02:39 train_loss_not_null=4917.0, total_train_num=332518,
05/06/2019 10:02:43 r_f1=0.8302001212856277
05/06/2019 10:02:56 batch_idx=1000, loss=0.003071761457249522, adv_loss=0
05/06/2019 10:03:07 batch_idx=2000, loss=0.002932131988927722, adv_loss=0
05/06/2019 10:03:18 batch_idx=3000, loss=0.0029199286364018917, adv_loss=0
05/06/2019 10:03:29 batch_idx=4000, loss=0.002904630731791258, adv_loss=0
05/06/2019 10:03:40 batch_idx=5000, loss=0.0028404472395777702, adv_loss=0
05/06/2019 10:03:43 ================================= epoch: 5 ==================================
05/06/2019 10:03:43 loss=0.0028382788877934217
05/06/2019 10:03:43 train_loss_not_null=4285.0, total_train_num=332518,
05/06/2019 10:03:47 new best valid f1 found
05/06/2019 10:03:47 r_f1=0.8362644026682838
05/06/2019 10:04:00 batch_idx=1000, loss=0.0027405705768615007, adv_loss=0
05/06/2019 10:04:11 batch_idx=2000, loss=0.002671525813639164, adv_loss=0
05/06/2019 10:04:22 batch_idx=3000, loss=0.0026324677746742964, adv_loss=0
05/06/2019 10:04:33 batch_idx=4000, loss=0.002584301633760333, adv_loss=0
05/06/2019 10:04:44 batch_idx=5000, loss=0.002534901024773717, adv_loss=0
05/06/2019 10:04:46 ================================= epoch: 6 ==================================
05/06/2019 10:04:46 loss=0.002530985977500677
05/06/2019 10:04:46 train_loss_not_null=3759.0, total_train_num=332518,
05/06/2019 10:04:50 new best valid f1 found
05/06/2019 10:04:50 r_f1=0.8392965433596119
05/06/2019 10:05:03 batch_idx=1000, loss=0.0024238561745733023, adv_loss=0
05/06/2019 10:05:14 batch_idx=2000, loss=0.002261406509205699, adv_loss=0
05/06/2019 10:05:25 batch_idx=3000, loss=0.0022487614769488573, adv_loss=0
05/06/2019 10:05:36 batch_idx=4000, loss=0.002188007580116391, adv_loss=0
05/06/2019 10:05:47 batch_idx=5000, loss=0.002178238471969962, adv_loss=0
05/06/2019 10:05:49 ================================= epoch: 7 ==================================
05/06/2019 10:05:49 loss=0.0021847866009920835
05/06/2019 10:05:49 train_loss_not_null=3395.0, total_train_num=332518,
05/06/2019 10:05:53 r_f1=0.8374772589448151
05/06/2019 10:06:07 batch_idx=1000, loss=0.0019590198062360287, adv_loss=0
05/06/2019 10:06:18 batch_idx=2000, loss=0.00194018823094666, adv_loss=0
05/06/2019 10:06:28 batch_idx=3000, loss=0.0019033177522942424, adv_loss=0
05/06/2019 10:06:39 batch_idx=4000, loss=0.0019331767689436674, adv_loss=0
05/06/2019 10:06:50 batch_idx=5000, loss=0.001905460492707789, adv_loss=0
05/06/2019 10:06:52 ================================= epoch: 8 ==================================
05/06/2019 10:06:52 loss=0.0019009285606443882
05/06/2019 10:06:52 train_loss_not_null=2995.0, total_train_num=332518,
05/06/2019 10:06:56 new best valid f1 found
05/06/2019 10:06:56 r_f1=0.8411158277744087
05/06/2019 10:07:10 batch_idx=1000, loss=0.001752908225171268, adv_loss=0
05/06/2019 10:07:21 batch_idx=2000, loss=0.0017468465957790613, adv_loss=0
05/06/2019 10:07:32 batch_idx=3000, loss=0.0017838345374912024, adv_loss=0
05/06/2019 10:07:42 batch_idx=4000, loss=0.001783648389391601, adv_loss=0
05/06/2019 10:07:53 batch_idx=5000, loss=0.0018144208006560802, adv_loss=0
05/06/2019 10:07:55 ================================= epoch: 9 ==================================
05/06/2019 10:07:55 loss=0.0018104565097019076
05/06/2019 10:07:55 train_loss_not_null=2861.0, total_train_num=332518,
05/06/2019 10:07:59 new best valid f1 found
05/06/2019 10:07:59 r_f1=0.8459672528805336
05/06/2019 10:08:13 batch_idx=1000, loss=0.0017770298290997744, adv_loss=0
05/06/2019 10:08:24 batch_idx=2000, loss=0.0017395681934431195, adv_loss=0
05/06/2019 10:08:35 batch_idx=3000, loss=0.0017061607213690877, adv_loss=0
05/06/2019 10:08:46 batch_idx=4000, loss=0.0016543505480512977, adv_loss=0
05/06/2019 10:08:56 batch_idx=5000, loss=0.0016723209992051125, adv_loss=0
05/06/2019 10:08:59 ================================= epoch: 10 ==================================
05/06/2019 10:08:59 loss=0.001675257459282875
05/06/2019 10:08:59 train_loss_not_null=2635.0, total_train_num=332518,
05/06/2019 10:09:02 new best valid f1 found
05/06/2019 10:09:02 r_f1=0.8496058217101273
05/06/2019 10:09:16 batch_idx=1000, loss=0.005954214837402105, adv_loss=0
05/06/2019 10:09:17 ================================= epoch: 11 ==================================
05/06/2019 10:09:17 loss=0.005495946388691664
05/06/2019 10:09:17 train_loss_not_null=1437.0, total_train_num=70080,
05/06/2019 10:09:21 new best valid f1 found
05/06/2019 10:09:21 r_f1=0.8502122498483929
05/06/2019 10:09:34 batch_idx=1000, loss=0.005200467072427273, adv_loss=0
05/06/2019 10:09:35 ================================= epoch: 12 ==================================
05/06/2019 10:09:35 loss=0.00493770744651556
05/06/2019 10:09:35 train_loss_not_null=1213.0, total_train_num=68096,
05/06/2019 10:09:39 new best valid f1 found
05/06/2019 10:09:39 r_f1=0.8562765312310491
05/06/2019 10:09:52 batch_idx=1000, loss=0.00477211270481348, adv_loss=0
05/06/2019 10:09:53 ================================= epoch: 13 ==================================
05/06/2019 10:09:53 loss=0.004553572274744511
05/06/2019 10:09:53 train_loss_not_null=1141.0, total_train_num=67840,
05/06/2019 10:09:57 r_f1=0.8502122498483929
05/06/2019 10:10:10 batch_idx=1000, loss=0.004459803458303213, adv_loss=0
05/06/2019 10:10:11 ================================= epoch: 14 ==================================
05/06/2019 10:10:11 loss=0.004245676565915346
05/06/2019 10:10:11 train_loss_not_null=1072.0, total_train_num=67840,
05/06/2019 10:10:15 r_f1=0.8562765312310491
05/06/2019 10:10:28 batch_idx=1000, loss=0.004110672045499086, adv_loss=0
05/06/2019 10:10:29 ================================= epoch: 15 ==================================
05/06/2019 10:10:29 loss=0.003917281050235033
05/06/2019 10:10:29 train_loss_not_null=999.0, total_train_num=67648,
05/06/2019 10:10:33 r_f1=0.8562765312310491
05/06/2019 10:10:46 batch_idx=1000, loss=0.003954107873141766, adv_loss=0
05/06/2019 10:10:47 ================================= epoch: 16 ==================================
05/06/2019 10:10:47 loss=0.003786733141168952
05/06/2019 10:10:47 train_loss_not_null=945.0, total_train_num=67648,
05/06/2019 10:10:51 new best valid f1 found
05/06/2019 10:10:51 r_f1=0.8568829593693147
05/06/2019 10:11:04 batch_idx=1000, loss=0.003949022851884365, adv_loss=0
05/06/2019 10:11:05 ================================= epoch: 17 ==================================
05/06/2019 10:11:05 loss=0.0037696934305131435
05/06/2019 10:11:05 train_loss_not_null=972.0, total_train_num=67648,
05/06/2019 10:11:09 r_f1=0.8568829593693147
05/06/2019 10:11:22 batch_idx=1000, loss=0.003792459610849619, adv_loss=0
05/06/2019 10:11:23 ================================= epoch: 18 ==================================
05/06/2019 10:11:23 loss=0.003615465946495533
05/06/2019 10:11:23 train_loss_not_null=941.0, total_train_num=67648,
05/06/2019 10:11:27 new best valid f1 found
05/06/2019 10:11:27 model saved to models/New_exp_idx_webqsp_on_1/model_epoch_-1.h5.
05/06/2019 10:11:27 r_f1=0.8617343844754397
05/06/2019 10:11:40 batch_idx=1000, loss=0.0037356566172093153, adv_loss=0
05/06/2019 10:11:41 ================================= epoch: 19 ==================================
05/06/2019 10:11:41 loss=0.0035503378603607416
05/06/2019 10:11:41 train_loss_not_null=892.0, total_train_num=67648,
05/06/2019 10:11:45 r_f1=0.8593086719223771
05/06/2019 10:11:58 batch_idx=1000, loss=0.003806293709203601, adv_loss=0
05/06/2019 10:11:58 ================================= epoch: 20 ==================================
05/06/2019 10:11:58 loss=0.0036326702684164047
05/06/2019 10:11:58 train_loss_not_null=948.0, total_train_num=67584,
05/06/2019 10:12:02 r_f1=0.8593086719223771
05/06/2019 10:12:16 batch_idx=1000, loss=0.0035607863683253527, adv_loss=0
05/06/2019 10:12:16 ================================= epoch: 21 ==================================
05/06/2019 10:12:16 loss=0.0034063959028571844
05/06/2019 10:12:16 train_loss_not_null=922.0, total_train_num=67648,
05/06/2019 10:12:20 r_f1=0.8593086719223771
05/06/2019 10:12:34 batch_idx=1000, loss=0.003591221757233143, adv_loss=0
05/06/2019 10:12:34 ================================= epoch: 22 ==================================
05/06/2019 10:12:34 loss=0.003422230016440153
05/06/2019 10:12:34 train_loss_not_null=897.0, total_train_num=67584,
05/06/2019 10:12:38 r_f1=0.8580958156458459
05/06/2019 10:12:52 batch_idx=1000, loss=0.0034509755205363035, adv_loss=0
05/06/2019 10:12:52 ================================= epoch: 23 ==================================
05/06/2019 10:12:52 loss=0.0033140669111162424
05/06/2019 10:12:52 train_loss_not_null=872.0, total_train_num=67648,
05/06/2019 10:12:56 r_f1=0.8611279563371741
05/06/2019 10:13:09 batch_idx=1000, loss=0.0033554108813405037, adv_loss=0
05/06/2019 10:13:10 ================================= epoch: 24 ==================================
05/06/2019 10:13:10 loss=0.0032198531553149223
05/06/2019 10:13:10 train_loss_not_null=901.0, total_train_num=67584,
05/06/2019 10:13:14 new best valid f1 found
05/06/2019 10:13:14 model saved to models/New_exp_idx_webqsp_on_1/model_epoch_-1.h5.
05/06/2019 10:13:14 r_f1=0.8635536688902365
05/06/2019 10:13:27 batch_idx=1000, loss=0.003312022890895605, adv_loss=0
05/06/2019 10:13:28 ================================= epoch: 25 ==================================
05/06/2019 10:13:28 loss=0.0031734772492200136
05/06/2019 10:13:28 train_loss_not_null=861.0, total_train_num=67584,
05/06/2019 10:13:32 r_f1=0.8623408126137053
05/06/2019 10:13:45 batch_idx=1000, loss=0.003306817729026079, adv_loss=0
05/06/2019 10:13:46 ================================= epoch: 26 ==================================
05/06/2019 10:13:46 loss=0.0031630254816263914
05/06/2019 10:13:46 train_loss_not_null=859.0, total_train_num=67584,
05/06/2019 10:13:50 r_f1=0.8629472407519709
05/06/2019 10:14:03 batch_idx=1000, loss=0.0032502179965376854, adv_loss=0
05/06/2019 10:14:04 ================================= epoch: 27 ==================================
05/06/2019 10:14:04 loss=0.00311317783780396
05/06/2019 10:14:04 train_loss_not_null=849.0, total_train_num=67648,
05/06/2019 10:14:07 r_f1=0.8623408126137053
05/06/2019 10:14:21 batch_idx=1000, loss=0.0032766584772616625, adv_loss=0
05/06/2019 10:14:21 ================================= epoch: 28 ==================================
05/06/2019 10:14:21 loss=0.003138109343126416
05/06/2019 10:14:21 train_loss_not_null=851.0, total_train_num=67584,
05/06/2019 10:14:25 r_f1=0.8623408126137053
05/06/2019 10:14:39 batch_idx=1000, loss=0.0031882021576166153, adv_loss=0
05/06/2019 10:14:40 ================================= epoch: 29 ==================================
05/06/2019 10:14:40 loss=0.003034269670024514
05/06/2019 10:14:40 train_loss_not_null=862.0, total_train_num=67584,
05/06/2019 10:14:43 new best valid f1 found
05/06/2019 10:14:44 model saved to models/New_exp_idx_webqsp_on_1/model_epoch_-1.h5.
05/06/2019 10:14:44 r_f1=0.8647665251667678
05/06/2019 10:14:57 batch_idx=1000, loss=0.003206784836947918, adv_loss=0
05/06/2019 10:14:57 ================================= epoch: 30 ==================================
05/06/2019 10:14:57 loss=0.0030629325192421675
05/06/2019 10:14:57 train_loss_not_null=833.0, total_train_num=67584,
05/06/2019 10:15:01 new best valid f1 found
05/06/2019 10:15:01 model saved to models/New_exp_idx_webqsp_on_1/model_epoch_-1.h5.
05/06/2019 10:15:01 r_f1=0.8665858095815646
05/06/2019 10:15:15 batch_idx=1000, loss=0.0032412540167570114, adv_loss=0
05/06/2019 10:15:15 ================================= epoch: 31 ==================================
05/06/2019 10:15:15 loss=0.0031128262635320425
05/06/2019 10:15:15 train_loss_not_null=815.0, total_train_num=67520,
05/06/2019 10:15:19 new best valid f1 found
05/06/2019 10:15:19 model saved to models/New_exp_idx_webqsp_on_1/model_epoch_-1.h5.
05/06/2019 10:15:19 r_f1=0.8671922377198302
05/06/2019 10:15:32 batch_idx=1000, loss=0.0031618636567145586, adv_loss=0
05/06/2019 10:15:33 ================================= epoch: 32 ==================================
05/06/2019 10:15:33 loss=0.00302296900190413
05/06/2019 10:15:33 train_loss_not_null=842.0, total_train_num=67584,
05/06/2019 10:15:37 new best valid f1 found
05/06/2019 10:15:37 model saved to models/New_exp_idx_webqsp_on_1/model_epoch_-1.h5.
05/06/2019 10:15:37 r_f1=0.8677986658580958
05/06/2019 10:15:50 batch_idx=1000, loss=0.0030801771208643913, adv_loss=0
05/06/2019 10:15:51 ================================= epoch: 33 ==================================
05/06/2019 10:15:51 loss=0.0029420480132102966
05/06/2019 10:15:51 train_loss_not_null=819.0, total_train_num=67584,
05/06/2019 10:15:55 r_f1=0.8629472407519709
05/06/2019 10:16:08 batch_idx=1000, loss=0.0031851998064666986, adv_loss=0
05/06/2019 10:16:09 ================================= epoch: 34 ==================================
05/06/2019 10:16:09 loss=0.003055616281926632
05/06/2019 10:16:09 train_loss_not_null=823.0, total_train_num=67584,
05/06/2019 10:16:13 r_f1=0.8605215281989085
05/06/2019 10:16:26 batch_idx=1000, loss=0.0030532637611031532, adv_loss=0
05/06/2019 10:16:27 ================================= epoch: 35 ==================================
05/06/2019 10:16:27 loss=0.0029153970535844564
05/06/2019 10:16:27 train_loss_not_null=860.0, total_train_num=67584,
05/06/2019 10:16:31 r_f1=0.8617343844754397
05/06/2019 10:16:44 batch_idx=1000, loss=0.0031955745071172714, adv_loss=0
05/06/2019 10:16:45 ================================= epoch: 36 ==================================
05/06/2019 10:16:45 loss=0.0030409146565943956
05/06/2019 10:16:45 train_loss_not_null=838.0, total_train_num=67712,
05/06/2019 10:16:49 r_f1=0.8629472407519709
05/06/2019 10:17:02 batch_idx=1000, loss=0.0030753863975405693, adv_loss=0
05/06/2019 10:17:03 ================================= epoch: 37 ==================================
05/06/2019 10:17:03 loss=0.002925934735685587
05/06/2019 10:17:03 train_loss_not_null=818.0, total_train_num=67584,
05/06/2019 10:17:07 r_f1=0.8635536688902365
05/06/2019 10:17:20 batch_idx=1000, loss=0.003103092545643449, adv_loss=0
05/06/2019 10:17:20 ================================= epoch: 38 ==================================
05/06/2019 10:17:20 loss=0.0029574919026345015
05/06/2019 10:17:20 train_loss_not_null=840.0, total_train_num=67584,
05/06/2019 10:17:24 r_f1=0.8629472407519709
05/06/2019 10:17:38 batch_idx=1000, loss=0.003098953515291214, adv_loss=0
05/06/2019 10:17:38 ================================= epoch: 39 ==================================
05/06/2019 10:17:38 loss=0.0029506266582757235
05/06/2019 10:17:38 train_loss_not_null=863.0, total_train_num=67648,
05/06/2019 10:17:42 r_f1=0.8623408126137053
05/06/2019 10:17:56 batch_idx=1000, loss=0.0029108228627592325, adv_loss=0
05/06/2019 10:17:56 ================================= epoch: 40 ==================================
05/06/2019 10:17:56 loss=0.002764637116342783
05/06/2019 10:17:56 train_loss_not_null=780.0, total_train_num=67648,
05/06/2019 10:18:00 r_f1=0.8641600970285022
05/06/2019 10:18:14 batch_idx=1000, loss=0.002928678411990404, adv_loss=0
05/06/2019 10:18:14 ================================= epoch: 41 ==================================
05/06/2019 10:18:14 loss=0.0027815792709589005
05/06/2019 10:18:14 train_loss_not_null=803.0, total_train_num=67648,
05/06/2019 10:18:18 r_f1=0.8599151000606429
05/06/2019 10:18:32 batch_idx=1000, loss=0.0030588642694056034, adv_loss=0
05/06/2019 10:18:32 ================================= epoch: 42 ==================================
05/06/2019 10:18:32 loss=0.0029301519971340895
05/06/2019 10:18:32 train_loss_not_null=847.0, total_train_num=67648,
05/06/2019 10:18:36 r_f1=0.8593086719223771
05/06/2019 10:18:49 batch_idx=1000, loss=0.0029868606943637133, adv_loss=0
05/06/2019 10:18:50 ================================= epoch: 43 ==================================
05/06/2019 10:18:50 loss=0.002852665726095438
05/06/2019 10:18:50 train_loss_not_null=808.0, total_train_num=67712,
05/06/2019 10:18:54 r_f1=0.8617343844754397
05/06/2019 10:19:07 batch_idx=1000, loss=0.0028798163402825594, adv_loss=0
05/06/2019 10:19:08 ================================= epoch: 44 ==================================
05/06/2019 10:19:08 loss=0.0027432458009570837
05/06/2019 10:19:08 train_loss_not_null=833.0, total_train_num=67648,
05/06/2019 10:19:12 r_f1=0.8593086719223771
05/06/2019 10:19:25 batch_idx=1000, loss=0.0029211100190877914, adv_loss=0
05/06/2019 10:19:26 ================================= epoch: 45 ==================================
05/06/2019 10:19:26 loss=0.0028008015360683203
05/06/2019 10:19:26 train_loss_not_null=806.0, total_train_num=67584,
05/06/2019 10:19:30 r_f1=0.8617343844754397
05/06/2019 10:19:43 batch_idx=1000, loss=0.0027562458999454975, adv_loss=0
05/06/2019 10:19:44 ================================= epoch: 46 ==================================
05/06/2019 10:19:44 loss=0.002628605579957366
05/06/2019 10:19:44 train_loss_not_null=787.0, total_train_num=67648,
05/06/2019 10:19:48 r_f1=0.8605215281989085
05/06/2019 10:20:01 batch_idx=1000, loss=0.0029030991718173027, adv_loss=0
05/06/2019 10:20:02 ================================= epoch: 47 ==================================
05/06/2019 10:20:02 loss=0.0027709309943020344
05/06/2019 10:20:02 train_loss_not_null=761.0, total_train_num=67648,
05/06/2019 10:20:06 r_f1=0.8593086719223771
05/06/2019 10:20:19 batch_idx=1000, loss=0.0029696831479668617, adv_loss=0
05/06/2019 10:20:20 ================================= epoch: 48 ==================================
05/06/2019 10:20:20 loss=0.0028371235821396112
05/06/2019 10:20:20 train_loss_not_null=804.0, total_train_num=67584,
05/06/2019 10:20:23 r_f1=0.8599151000606429
05/06/2019 10:20:37 batch_idx=1000, loss=0.0028319628909230232, adv_loss=0
05/06/2019 10:20:37 ================================= epoch: 49 ==================================
05/06/2019 10:20:37 loss=0.002690028166398406
05/06/2019 10:20:37 train_loss_not_null=780.0, total_train_num=67648,
05/06/2019 10:20:41 r_f1=0.8605215281989085
05/06/2019 10:20:55 batch_idx=1000, loss=0.002943954896181822, adv_loss=0
05/06/2019 10:20:55 ================================= epoch: 50 ==================================
05/06/2019 10:20:55 loss=0.002811673330143094
05/06/2019 10:20:55 train_loss_not_null=801.0, total_train_num=67648,
05/06/2019 10:20:59 r_f1=0.8617343844754397
05/06/2019 10:21:13 batch_idx=1000, loss=0.0028274068608880043, adv_loss=0
05/06/2019 10:21:13 ================================= epoch: 51 ==================================
05/06/2019 10:21:13 loss=0.002704797312617302
05/06/2019 10:21:13 train_loss_not_null=805.0, total_train_num=67648,
05/06/2019 10:21:17 r_f1=0.8593086719223771
05/06/2019 10:21:31 batch_idx=1000, loss=0.002853004029020667, adv_loss=0
05/06/2019 10:21:31 ================================= epoch: 52 ==================================
05/06/2019 10:21:31 loss=0.0027225888334214687
05/06/2019 10:21:31 train_loss_not_null=770.0, total_train_num=67712,
05/06/2019 10:21:35 r_f1=0.8587022437841115
05/06/2019 10:21:49 batch_idx=1000, loss=0.0027849595062434673, adv_loss=0
05/06/2019 10:21:49 ================================= epoch: 53 ==================================
05/06/2019 10:21:49 loss=0.0026658931747078896
05/06/2019 10:21:49 train_loss_not_null=794.0, total_train_num=67712,
05/06/2019 10:21:53 r_f1=0.8599151000606429
05/06/2019 10:22:06 batch_idx=1000, loss=0.002735026413574815, adv_loss=0
05/06/2019 10:22:07 ================================= epoch: 54 ==================================
05/06/2019 10:22:07 loss=0.0026100107934325933
05/06/2019 10:22:07 train_loss_not_null=778.0, total_train_num=67648,
05/06/2019 10:22:11 r_f1=0.8587022437841115
05/06/2019 10:22:24 batch_idx=1000, loss=0.0028656290378421545, adv_loss=0
05/06/2019 10:22:25 ================================= epoch: 55 ==================================
05/06/2019 10:22:25 loss=0.002731909044086933
05/06/2019 10:22:25 train_loss_not_null=767.0, total_train_num=67648,
05/06/2019 10:22:29 r_f1=0.8605215281989085
05/06/2019 10:22:42 batch_idx=1000, loss=0.0027952936943620443, adv_loss=0
05/06/2019 10:22:43 ================================= epoch: 56 ==================================
05/06/2019 10:22:43 loss=0.0026593005750328302
05/06/2019 10:22:43 train_loss_not_null=795.0, total_train_num=67648,
05/06/2019 10:22:47 r_f1=0.8599151000606429
05/06/2019 10:23:00 batch_idx=1000, loss=0.0027762153185904026, adv_loss=0
05/06/2019 10:23:01 ================================= epoch: 57 ==================================
05/06/2019 10:23:01 loss=0.002651314018294215
05/06/2019 10:23:01 train_loss_not_null=776.0, total_train_num=67712,
05/06/2019 10:23:05 r_f1=0.8593086719223771
05/06/2019 10:23:18 batch_idx=1000, loss=0.0028306483291089535, adv_loss=0
05/06/2019 10:23:19 ================================= epoch: 58 ==================================
05/06/2019 10:23:19 loss=0.002697831252589822
05/06/2019 10:23:19 train_loss_not_null=810.0, total_train_num=67712,
05/06/2019 10:23:23 r_f1=0.8605215281989085
05/06/2019 10:23:36 batch_idx=1000, loss=0.0027849276084452868, adv_loss=0
05/06/2019 10:23:37 ================================= epoch: 59 ==================================
05/06/2019 10:23:37 loss=0.002651851624250412
05/06/2019 10:23:37 train_loss_not_null=804.0, total_train_num=67712,
05/06/2019 10:23:41 r_f1=0.8599151000606429
05/06/2019 10:23:54 batch_idx=1000, loss=0.0028347340412437916, adv_loss=0
05/06/2019 10:23:55 ================================= epoch: 60 ==================================
05/06/2019 10:23:55 loss=0.0027222633361816406
05/06/2019 10:23:55 train_loss_not_null=774.0, total_train_num=67648,
05/06/2019 10:23:58 r_f1=0.8605215281989085
05/06/2019 10:24:12 batch_idx=1000, loss=0.002821704838424921, adv_loss=0
05/06/2019 10:24:12 ================================= epoch: 61 ==================================
05/06/2019 10:24:12 loss=0.0026929627638310194
05/06/2019 10:24:12 train_loss_not_null=762.0, total_train_num=67648,
05/06/2019 10:24:16 r_f1=0.8623408126137053
05/06/2019 10:24:30 batch_idx=1000, loss=0.0027846968732774258, adv_loss=0
05/06/2019 10:24:30 ================================= epoch: 62 ==================================
05/06/2019 10:24:30 loss=0.0026618093252182007
05/06/2019 10:24:30 train_loss_not_null=770.0, total_train_num=67648,
05/06/2019 10:24:34 r_f1=0.8623408126137053
05/06/2019 10:24:48 batch_idx=1000, loss=0.00285130157135427, adv_loss=0
05/06/2019 10:24:48 ================================= epoch: 63 ==================================
05/06/2019 10:24:48 loss=0.002701986115425825
05/06/2019 10:24:48 train_loss_not_null=786.0, total_train_num=67648,
05/06/2019 10:24:52 r_f1=0.8623408126137053
05/06/2019 10:25:06 batch_idx=1000, loss=0.002795195672661066, adv_loss=0
05/06/2019 10:25:06 ================================= epoch: 64 ==================================
05/06/2019 10:25:06 loss=0.0026846083346754313
05/06/2019 10:25:06 train_loss_not_null=743.0, total_train_num=67648,
05/06/2019 10:25:10 r_f1=0.8617343844754397
05/06/2019 10:25:24 batch_idx=1000, loss=0.00292888842523098, adv_loss=0
05/06/2019 10:25:24 ================================= epoch: 65 ==================================
05/06/2019 10:25:24 loss=0.0027897446416318417
05/06/2019 10:25:24 train_loss_not_null=800.0, total_train_num=67648,
05/06/2019 10:25:28 r_f1=0.8617343844754397
05/06/2019 10:25:41 batch_idx=1000, loss=0.002838811371475458, adv_loss=0
05/06/2019 10:25:42 ================================= epoch: 66 ==================================
05/06/2019 10:25:42 loss=0.002706861589103937
05/06/2019 10:25:42 train_loss_not_null=787.0, total_train_num=67712,
05/06/2019 10:25:46 r_f1=0.8617343844754397
05/06/2019 10:25:59 batch_idx=1000, loss=0.0027395752258598804, adv_loss=0
05/06/2019 10:26:00 ================================= epoch: 67 ==================================
05/06/2019 10:26:00 loss=0.0026120655238628387
05/06/2019 10:26:00 train_loss_not_null=781.0, total_train_num=67712,
05/06/2019 10:26:04 r_f1=0.8605215281989085
05/06/2019 10:26:17 batch_idx=1000, loss=0.0027792572509497404, adv_loss=0
05/06/2019 10:26:18 ================================= epoch: 68 ==================================
05/06/2019 10:26:18 loss=0.0026513119228184223
05/06/2019 10:26:18 train_loss_not_null=772.0, total_train_num=67648,
05/06/2019 10:26:22 r_f1=0.8611279563371741
05/06/2019 10:26:35 batch_idx=1000, loss=0.0027148232329636812, adv_loss=0
05/06/2019 10:26:36 ================================= epoch: 69 ==================================
05/06/2019 10:26:36 loss=0.002598041435703635
05/06/2019 10:26:36 train_loss_not_null=779.0, total_train_num=67648,
05/06/2019 10:26:40 r_f1=0.8611279563371741
05/06/2019 10:26:53 batch_idx=1000, loss=0.002695536706596613, adv_loss=0
05/06/2019 10:26:54 ================================= epoch: 70 ==================================
05/06/2019 10:26:54 loss=0.002571746939793229
05/06/2019 10:26:54 train_loss_not_null=750.0, total_train_num=67648,
05/06/2019 10:26:57 r_f1=0.8611279563371741
05/06/2019 10:27:11 batch_idx=1000, loss=0.0027222183998674154, adv_loss=0
05/06/2019 10:27:12 ================================= epoch: 71 ==================================
05/06/2019 10:27:12 loss=0.0026042223908007145
05/06/2019 10:27:12 train_loss_not_null=801.0, total_train_num=67648,
05/06/2019 10:27:16 r_f1=0.8617343844754397
05/06/2019 10:27:29 batch_idx=1000, loss=0.002613588934764266, adv_loss=0
05/06/2019 10:27:29 ================================= epoch: 72 ==================================
05/06/2019 10:27:29 loss=0.002492262050509453
05/06/2019 10:27:29 train_loss_not_null=756.0, total_train_num=67648,
05/06/2019 10:27:33 r_f1=0.8623408126137053
05/06/2019 10:27:47 batch_idx=1000, loss=0.002725622383877635, adv_loss=0
05/06/2019 10:27:47 ================================= epoch: 73 ==================================
05/06/2019 10:27:47 loss=0.002594288904219866
05/06/2019 10:27:47 train_loss_not_null=768.0, total_train_num=67648,
05/06/2019 10:27:51 r_f1=0.8617343844754397
05/06/2019 10:28:05 batch_idx=1000, loss=0.0027229890692979097, adv_loss=0
05/06/2019 10:28:05 ================================= epoch: 74 ==================================
05/06/2019 10:28:05 loss=0.0025937482714653015
05/06/2019 10:28:05 train_loss_not_null=787.0, total_train_num=67584,
05/06/2019 10:28:09 r_f1=0.8611279563371741
05/06/2019 10:28:23 batch_idx=1000, loss=0.002765985671430826, adv_loss=0
05/06/2019 10:28:23 ================================= epoch: 75 ==================================
05/06/2019 10:28:23 loss=0.0026371886488050222
05/06/2019 10:28:23 train_loss_not_null=784.0, total_train_num=67648,
05/06/2019 10:28:27 r_f1=0.8605215281989085
05/06/2019 10:28:40 batch_idx=1000, loss=0.0027141780592501163, adv_loss=0
05/06/2019 10:28:41 ================================= epoch: 76 ==================================
05/06/2019 10:28:41 loss=0.0025879014283418655
05/06/2019 10:28:41 train_loss_not_null=752.0, total_train_num=67712,
05/06/2019 10:28:45 r_f1=0.8605215281989085
05/06/2019 10:28:59 batch_idx=1000, loss=0.0028318283148109913, adv_loss=0
05/06/2019 10:28:59 ================================= epoch: 77 ==================================
05/06/2019 10:28:59 loss=0.0026994654908776283
05/06/2019 10:28:59 train_loss_not_null=760.0, total_train_num=67648,
05/06/2019 10:29:03 r_f1=0.8611279563371741
05/06/2019 10:29:16 batch_idx=1000, loss=0.0026812092401087284, adv_loss=0
05/06/2019 10:29:17 ================================= epoch: 78 ==================================
05/06/2019 10:29:17 loss=0.0025546306278556585
05/06/2019 10:29:17 train_loss_not_null=754.0, total_train_num=67648,
05/06/2019 10:29:21 r_f1=0.8611279563371741
05/06/2019 10:29:34 batch_idx=1000, loss=0.002713508903980255, adv_loss=0
05/06/2019 10:29:35 ================================= epoch: 79 ==================================
05/06/2019 10:29:35 loss=0.0025836266577243805
05/06/2019 10:29:35 train_loss_not_null=738.0, total_train_num=67648,
05/06/2019 10:29:39 r_f1=0.8611279563371741
05/06/2019 10:29:52 batch_idx=1000, loss=0.0027775168418884277, adv_loss=0
05/06/2019 10:29:53 ================================= epoch: 80 ==================================
05/06/2019 10:29:53 loss=0.0026667695492506027
05/06/2019 10:29:53 train_loss_not_null=759.0, total_train_num=67648,
05/06/2019 10:29:57 r_f1=0.8623408126137053
05/06/2019 10:30:10 batch_idx=1000, loss=0.0028073913417756557, adv_loss=0
05/06/2019 10:30:11 ================================= epoch: 81 ==================================
05/06/2019 10:30:11 loss=0.0026720783207565546
05/06/2019 10:30:11 train_loss_not_null=786.0, total_train_num=67648,
05/06/2019 10:30:14 r_f1=0.8611279563371741
05/06/2019 10:30:28 batch_idx=1000, loss=0.002602712018415332, adv_loss=0
05/06/2019 10:30:28 ================================= epoch: 82 ==================================
05/06/2019 10:30:28 loss=0.002477021422237158
05/06/2019 10:30:28 train_loss_not_null=739.0, total_train_num=67712,
05/06/2019 10:30:32 r_f1=0.8617343844754397
05/06/2019 10:30:46 batch_idx=1000, loss=0.0026519671082496643, adv_loss=0
05/06/2019 10:30:46 ================================= epoch: 83 ==================================
05/06/2019 10:30:46 loss=0.002525846939533949
05/06/2019 10:30:46 train_loss_not_null=736.0, total_train_num=67648,
05/06/2019 10:30:50 r_f1=0.8629472407519709
05/06/2019 10:31:04 batch_idx=1000, loss=0.0026479284279048443, adv_loss=0
05/06/2019 10:31:04 ================================= epoch: 84 ==================================
05/06/2019 10:31:04 loss=0.0025347829796373844
05/06/2019 10:31:04 train_loss_not_null=758.0, total_train_num=67648,
05/06/2019 10:31:08 r_f1=0.8623408126137053
05/06/2019 10:31:21 batch_idx=1000, loss=0.002551010111346841, adv_loss=0
05/06/2019 10:31:22 ================================= epoch: 85 ==================================
05/06/2019 10:31:22 loss=0.0024247693363577127
05/06/2019 10:31:22 train_loss_not_null=716.0, total_train_num=67648,
05/06/2019 10:31:26 r_f1=0.8617343844754397
05/06/2019 10:31:39 batch_idx=1000, loss=0.0026893392205238342, adv_loss=0
05/06/2019 10:31:40 ================================= epoch: 86 ==================================
05/06/2019 10:31:40 loss=0.0025673750787973404
05/06/2019 10:31:40 train_loss_not_null=765.0, total_train_num=67648,
05/06/2019 10:31:44 r_f1=0.8623408126137053
05/06/2019 10:31:57 batch_idx=1000, loss=0.002616720739752054, adv_loss=0
05/06/2019 10:31:58 ================================= epoch: 87 ==================================
05/06/2019 10:31:58 loss=0.0024925365578383207
05/06/2019 10:31:58 train_loss_not_null=750.0, total_train_num=67648,
05/06/2019 10:32:02 r_f1=0.8623408126137053
05/06/2019 10:32:15 batch_idx=1000, loss=0.00263674627058208, adv_loss=0
05/06/2019 10:32:16 ================================= epoch: 88 ==================================
05/06/2019 10:32:16 loss=0.002522691385820508
05/06/2019 10:32:16 train_loss_not_null=752.0, total_train_num=67648,
05/06/2019 10:32:20 r_f1=0.8623408126137053
05/06/2019 10:32:33 batch_idx=1000, loss=0.0026139644905924797, adv_loss=0
05/06/2019 10:32:34 ================================= epoch: 89 ==================================
05/06/2019 10:32:34 loss=0.002500418107956648
05/06/2019 10:32:34 train_loss_not_null=758.0, total_train_num=67712,
05/06/2019 10:32:38 r_f1=0.8623408126137053
05/06/2019 10:32:51 batch_idx=1000, loss=0.0026069001760333776, adv_loss=0
05/06/2019 10:32:52 ================================= epoch: 90 ==================================
05/06/2019 10:32:52 loss=0.002475366462022066
05/06/2019 10:32:52 train_loss_not_null=707.0, total_train_num=67712,
05/06/2019 10:32:56 r_f1=0.8635536688902365
05/06/2019 10:33:09 batch_idx=1000, loss=0.002719427924603224, adv_loss=0
05/06/2019 10:33:10 ================================= epoch: 91 ==================================
05/06/2019 10:33:10 loss=0.002593244658783078
05/06/2019 10:33:10 train_loss_not_null=752.0, total_train_num=67648,
05/06/2019 10:33:13 r_f1=0.8635536688902365
05/06/2019 10:33:27 batch_idx=1000, loss=0.0025830024387687445, adv_loss=0
05/06/2019 10:33:28 ================================= epoch: 92 ==================================
05/06/2019 10:33:28 loss=0.002467932878062129
05/06/2019 10:33:28 train_loss_not_null=735.0, total_train_num=67648,
05/06/2019 10:33:31 r_f1=0.8629472407519709
05/06/2019 10:33:45 batch_idx=1000, loss=0.002695969771593809, adv_loss=0
05/06/2019 10:33:45 ================================= epoch: 93 ==================================
05/06/2019 10:33:45 loss=0.002575927646830678
05/06/2019 10:33:45 train_loss_not_null=772.0, total_train_num=67648,
05/06/2019 10:33:49 r_f1=0.8629472407519709
05/06/2019 10:34:03 batch_idx=1000, loss=0.0027366583235561848, adv_loss=0
05/06/2019 10:34:03 ================================= epoch: 94 ==================================
05/06/2019 10:34:03 loss=0.002611919306218624
05/06/2019 10:34:03 train_loss_not_null=784.0, total_train_num=67712,
05/06/2019 10:34:07 r_f1=0.8629472407519709
05/06/2019 10:34:21 batch_idx=1000, loss=0.002601474290713668, adv_loss=0
05/06/2019 10:34:21 ================================= epoch: 95 ==================================
05/06/2019 10:34:21 loss=0.0024784449487924576
05/06/2019 10:34:21 train_loss_not_null=715.0, total_train_num=67648,
05/06/2019 10:34:25 r_f1=0.8623408126137053
05/06/2019 10:34:39 batch_idx=1000, loss=0.0027134791016578674, adv_loss=0
05/06/2019 10:34:39 ================================= epoch: 96 ==================================
05/06/2019 10:34:39 loss=0.002593085402622819
05/06/2019 10:34:39 train_loss_not_null=746.0, total_train_num=67584,
05/06/2019 10:34:43 r_f1=0.8629472407519709
05/06/2019 10:34:57 batch_idx=1000, loss=0.0027222507633268833, adv_loss=0
05/06/2019 10:34:57 ================================= epoch: 97 ==================================
05/06/2019 10:34:57 loss=0.002597732935100794
05/06/2019 10:34:57 train_loss_not_null=754.0, total_train_num=67648,
05/06/2019 10:35:01 r_f1=0.8623408126137053
05/06/2019 10:35:15 batch_idx=1000, loss=0.0026196036487817764, adv_loss=0
05/06/2019 10:35:15 ================================= epoch: 98 ==================================
05/06/2019 10:35:15 loss=0.002493166131898761
05/06/2019 10:35:15 train_loss_not_null=745.0, total_train_num=67648,
05/06/2019 10:35:19 r_f1=0.8623408126137053
05/06/2019 10:35:32 batch_idx=1000, loss=0.0027442313730716705, adv_loss=0
05/06/2019 10:35:33 ================================= epoch: 99 ==================================
05/06/2019 10:35:33 loss=0.002626347355544567
05/06/2019 10:35:33 train_loss_not_null=760.0, total_train_num=67648,
05/06/2019 10:35:37 r_f1=0.8629472407519709
05/06/2019 10:35:50 batch_idx=1000, loss=0.002713795518502593, adv_loss=0
05/06/2019 10:35:51 ================================= epoch: 100 ==================================
05/06/2019 10:35:51 loss=0.002581898355856538
05/06/2019 10:35:51 train_loss_not_null=744.0, total_train_num=67648,
05/06/2019 10:35:55 r_f1=0.8629472407519709
05/06/2019 10:36:08 batch_idx=1000, loss=0.0026446236297488213, adv_loss=0
05/06/2019 10:36:09 ================================= epoch: 101 ==================================
05/06/2019 10:36:09 loss=0.0025186093989759684
05/06/2019 10:36:09 train_loss_not_null=765.0, total_train_num=67712,
05/06/2019 10:36:13 r_f1=0.8629472407519709
05/06/2019 10:36:26 batch_idx=1000, loss=0.002586018992587924, adv_loss=0
05/06/2019 10:36:27 ================================= epoch: 102 ==================================
05/06/2019 10:36:27 loss=0.0024527572095394135
05/06/2019 10:36:27 train_loss_not_null=742.0, total_train_num=67712,
05/06/2019 10:36:31 r_f1=0.8629472407519709
05/06/2019 10:36:44 batch_idx=1000, loss=0.0025454501155763865, adv_loss=0
05/06/2019 10:36:45 ================================= epoch: 103 ==================================
05/06/2019 10:36:45 loss=0.002441652584820986
05/06/2019 10:36:45 train_loss_not_null=731.0, total_train_num=67648,
05/06/2019 10:36:49 r_f1=0.8629472407519709
05/06/2019 10:37:02 batch_idx=1000, loss=0.0026922805700451136, adv_loss=0
05/06/2019 10:37:03 ================================= epoch: 104 ==================================
05/06/2019 10:37:03 loss=0.002572901314124465
05/06/2019 10:37:03 train_loss_not_null=735.0, total_train_num=67648,
05/06/2019 10:37:07 r_f1=0.8629472407519709
05/06/2019 10:37:20 batch_idx=1000, loss=0.0025457683950662613, adv_loss=0
05/06/2019 10:37:21 ================================= epoch: 105 ==================================
05/06/2019 10:37:21 loss=0.0024290145374834538
05/06/2019 10:37:21 train_loss_not_null=755.0, total_train_num=67648,
05/06/2019 10:37:24 r_f1=0.8623408126137053
05/06/2019 10:37:38 batch_idx=1000, loss=0.0024335943162441254, adv_loss=0
05/06/2019 10:37:38 ================================= epoch: 106 ==================================
05/06/2019 10:37:38 loss=0.0023292270489037037
05/06/2019 10:37:38 train_loss_not_null=703.0, total_train_num=67648,
05/06/2019 10:37:42 r_f1=0.8623408126137053
05/06/2019 10:37:56 batch_idx=1000, loss=0.002767948666587472, adv_loss=0
05/06/2019 10:37:56 ================================= epoch: 107 ==================================
05/06/2019 10:37:56 loss=0.002646955195814371
05/06/2019 10:37:56 train_loss_not_null=759.0, total_train_num=67584,
05/06/2019 10:38:00 r_f1=0.8629472407519709
05/06/2019 10:38:14 batch_idx=1000, loss=0.002700590528547764, adv_loss=0
05/06/2019 10:38:14 ================================= epoch: 108 ==================================
05/06/2019 10:38:14 loss=0.0025791882071644068
05/06/2019 10:38:14 train_loss_not_null=789.0, total_train_num=67648,
05/06/2019 10:38:18 r_f1=0.8629472407519709
05/06/2019 10:38:31 batch_idx=1000, loss=0.002898363396525383, adv_loss=0
05/06/2019 10:38:32 ================================= epoch: 109 ==================================
05/06/2019 10:38:32 loss=0.0027654042933136225
05/06/2019 10:38:32 train_loss_not_null=777.0, total_train_num=67712,
05/06/2019 10:38:36 r_f1=0.8629472407519709
05/06/2019 10:38:49 batch_idx=1000, loss=0.0027287951670587063, adv_loss=0
05/06/2019 10:38:50 ================================= epoch: 110 ==================================
05/06/2019 10:38:50 loss=0.0025999601930379868
05/06/2019 10:38:50 train_loss_not_null=759.0, total_train_num=67648,
05/06/2019 10:38:54 r_f1=0.8629472407519709
05/06/2019 10:39:07 batch_idx=1000, loss=0.0026060494128614664, adv_loss=0
05/06/2019 10:39:08 ================================= epoch: 111 ==================================
05/06/2019 10:39:08 loss=0.0024927130434662104
05/06/2019 10:39:08 train_loss_not_null=731.0, total_train_num=67648,
05/06/2019 10:39:12 r_f1=0.8629472407519709
05/06/2019 10:39:25 batch_idx=1000, loss=0.0026451931335031986, adv_loss=0
05/06/2019 10:39:26 ================================= epoch: 112 ==================================
05/06/2019 10:39:26 loss=0.002536687534302473
05/06/2019 10:39:26 train_loss_not_null=759.0, total_train_num=67648,
05/06/2019 10:39:30 r_f1=0.8629472407519709
05/06/2019 10:39:43 batch_idx=1000, loss=0.0025510084815323353, adv_loss=0
05/06/2019 10:39:44 ================================= epoch: 113 ==================================
05/06/2019 10:39:44 loss=0.002442992525175214
05/06/2019 10:39:44 train_loss_not_null=725.0, total_train_num=67648,
05/06/2019 10:39:48 r_f1=0.8629472407519709
05/06/2019 10:40:01 batch_idx=1000, loss=0.002610815456137061, adv_loss=0
05/06/2019 10:40:02 ================================= epoch: 114 ==================================
05/06/2019 10:40:02 loss=0.002488379832357168
05/06/2019 10:40:02 train_loss_not_null=726.0, total_train_num=67584,
05/06/2019 10:40:06 r_f1=0.8629472407519709
05/06/2019 10:40:19 batch_idx=1000, loss=0.002711995504796505, adv_loss=0
05/06/2019 10:40:20 ================================= epoch: 115 ==================================
05/06/2019 10:40:20 loss=0.002595443744212389
05/06/2019 10:40:20 train_loss_not_null=732.0, total_train_num=67584,
05/06/2019 10:40:24 r_f1=0.8623408126137053
05/06/2019 10:40:37 batch_idx=1000, loss=0.002684361534193158, adv_loss=0
05/06/2019 10:40:38 ================================= epoch: 116 ==================================
05/06/2019 10:40:38 loss=0.0025731169153004885
05/06/2019 10:40:38 train_loss_not_null=754.0, total_train_num=67648,
05/06/2019 10:40:42 r_f1=0.8629472407519709
05/06/2019 10:40:55 batch_idx=1000, loss=0.002683857688680291, adv_loss=0
05/06/2019 10:40:56 ================================= epoch: 117 ==================================
05/06/2019 10:40:56 loss=0.002557360799983144
05/06/2019 10:40:56 train_loss_not_null=747.0, total_train_num=67648,
05/06/2019 10:41:00 r_f1=0.8629472407519709
05/06/2019 10:41:13 batch_idx=1000, loss=0.002596183679997921, adv_loss=0
05/06/2019 10:41:14 ================================= epoch: 118 ==================================
05/06/2019 10:41:14 loss=0.0024727322161197662
05/06/2019 10:41:14 train_loss_not_null=738.0, total_train_num=67648,
05/06/2019 10:41:18 r_f1=0.8629472407519709
05/06/2019 10:41:31 batch_idx=1000, loss=0.00256974040530622, adv_loss=0
05/06/2019 10:41:32 ================================= epoch: 119 ==================================
05/06/2019 10:41:32 loss=0.0024527274072170258
05/06/2019 10:41:32 train_loss_not_null=708.0, total_train_num=67648,
05/06/2019 10:41:36 r_f1=0.8629472407519709
05/06/2019 10:41:50 batch_idx=1000, loss=0.0026662552263587713, adv_loss=0
05/06/2019 10:41:50 ================================= epoch: 120 ==================================
05/06/2019 10:41:50 loss=0.002551460638642311
05/06/2019 10:41:50 train_loss_not_null=791.0, total_train_num=67648,
05/06/2019 10:41:54 r_f1=0.8629472407519709
05/06/2019 10:42:08 batch_idx=1000, loss=0.002592673059552908, adv_loss=0
05/06/2019 10:42:09 ================================= epoch: 121 ==================================
05/06/2019 10:42:09 loss=0.002471146173775196
05/06/2019 10:42:09 train_loss_not_null=715.0, total_train_num=67648,
05/06/2019 10:42:12 r_f1=0.8629472407519709
05/06/2019 10:42:26 batch_idx=1000, loss=0.002708291867747903, adv_loss=0
05/06/2019 10:42:27 ================================= epoch: 122 ==================================
05/06/2019 10:42:27 loss=0.0025806997437030077
05/06/2019 10:42:27 train_loss_not_null=773.0, total_train_num=67648,
05/06/2019 10:42:31 r_f1=0.8629472407519709
05/06/2019 10:42:44 batch_idx=1000, loss=0.002716508461162448, adv_loss=0
05/06/2019 10:42:45 ================================= epoch: 123 ==================================
05/06/2019 10:42:45 loss=0.002586047863587737
05/06/2019 10:42:45 train_loss_not_null=753.0, total_train_num=67712,
05/06/2019 10:42:49 r_f1=0.8629472407519709
05/06/2019 10:43:02 batch_idx=1000, loss=0.002479009795933962, adv_loss=0
05/06/2019 10:43:03 ================================= epoch: 124 ==================================
05/06/2019 10:43:03 loss=0.0023576098028570414
05/06/2019 10:43:03 train_loss_not_null=708.0, total_train_num=67648,
05/06/2019 10:43:07 r_f1=0.8629472407519709
05/06/2019 10:43:20 batch_idx=1000, loss=0.002683446044102311, adv_loss=0
05/06/2019 10:43:21 ================================= epoch: 125 ==================================
05/06/2019 10:43:21 loss=0.0025625841226428747
05/06/2019 10:43:21 train_loss_not_null=756.0, total_train_num=67712,
05/06/2019 10:43:25 r_f1=0.8629472407519709
05/06/2019 10:43:38 batch_idx=1000, loss=0.00264967093244195, adv_loss=0
05/06/2019 10:43:39 ================================= epoch: 126 ==================================
05/06/2019 10:43:39 loss=0.002538440516218543
05/06/2019 10:43:39 train_loss_not_null=739.0, total_train_num=67648,
05/06/2019 10:43:42 r_f1=0.8629472407519709
05/06/2019 10:43:56 batch_idx=1000, loss=0.0027925241738557816, adv_loss=0
05/06/2019 10:43:56 ================================= epoch: 127 ==================================
05/06/2019 10:43:56 loss=0.002671192865818739
05/06/2019 10:43:56 train_loss_not_null=791.0, total_train_num=67648,
05/06/2019 10:44:00 r_f1=0.8629472407519709
05/06/2019 10:44:14 batch_idx=1000, loss=0.0026017860509455204, adv_loss=0
05/06/2019 10:44:15 ================================= epoch: 128 ==================================
05/06/2019 10:44:15 loss=0.0024814633652567863
05/06/2019 10:44:15 train_loss_not_null=743.0, total_train_num=67712,
05/06/2019 10:44:19 r_f1=0.8629472407519709
05/06/2019 10:44:32 batch_idx=1000, loss=0.0025801740121096373, adv_loss=0
05/06/2019 10:44:33 ================================= epoch: 129 ==================================
05/06/2019 10:44:33 loss=0.0024538820143789053
05/06/2019 10:44:33 train_loss_not_null=722.0, total_train_num=67648,
05/06/2019 10:44:37 r_f1=0.8629472407519709
05/06/2019 10:44:50 batch_idx=1000, loss=0.002511459868401289, adv_loss=0
05/06/2019 10:44:51 ================================= epoch: 130 ==================================
05/06/2019 10:44:51 loss=0.0023857566993683577
05/06/2019 10:44:51 train_loss_not_null=730.0, total_train_num=67648,
05/06/2019 10:44:55 r_f1=0.8629472407519709
05/06/2019 10:45:09 batch_idx=1000, loss=0.002662965562194586, adv_loss=0
05/06/2019 10:45:09 ================================= epoch: 131 ==================================
05/06/2019 10:45:09 loss=0.002535161329433322
05/06/2019 10:45:09 train_loss_not_null=738.0, total_train_num=67648,
05/06/2019 10:45:13 r_f1=0.8629472407519709
05/06/2019 10:45:26 batch_idx=1000, loss=0.0025875847786664963, adv_loss=0
05/06/2019 10:45:27 ================================= epoch: 132 ==================================
05/06/2019 10:45:27 loss=0.0024801900144666433
05/06/2019 10:45:27 train_loss_not_null=752.0, total_train_num=67584,
05/06/2019 10:45:31 r_f1=0.8629472407519709
05/06/2019 10:45:44 batch_idx=1000, loss=0.002701379358768463, adv_loss=0
05/06/2019 10:45:45 ================================= epoch: 133 ==================================
05/06/2019 10:45:45 loss=0.0025668430607765913
05/06/2019 10:45:45 train_loss_not_null=783.0, total_train_num=67648,
05/06/2019 10:45:49 r_f1=0.8629472407519709
05/06/2019 10:46:02 batch_idx=1000, loss=0.0026618146803230047, adv_loss=0
05/06/2019 10:46:03 ================================= epoch: 134 ==================================
05/06/2019 10:46:03 loss=0.002529826480895281
05/06/2019 10:46:03 train_loss_not_null=755.0, total_train_num=67712,
05/06/2019 10:46:07 r_f1=0.8629472407519709
05/06/2019 10:46:20 batch_idx=1000, loss=0.0026591774076223373, adv_loss=0
05/06/2019 10:46:21 ================================= epoch: 135 ==================================
05/06/2019 10:46:21 loss=0.0025363622698932886
05/06/2019 10:46:21 train_loss_not_null=746.0, total_train_num=67648,
05/06/2019 10:46:25 r_f1=0.8629472407519709
05/06/2019 10:46:38 batch_idx=1000, loss=0.00273398426361382, adv_loss=0
05/06/2019 10:46:39 ================================= epoch: 136 ==================================
05/06/2019 10:46:39 loss=0.0026108522433787584
05/06/2019 10:46:39 train_loss_not_null=752.0, total_train_num=67648,
05/06/2019 10:46:43 r_f1=0.8629472407519709
05/06/2019 10:46:56 batch_idx=1000, loss=0.0026982633862644434, adv_loss=0
05/06/2019 10:46:57 ================================= epoch: 137 ==================================
05/06/2019 10:46:57 loss=0.002591130556538701
05/06/2019 10:46:57 train_loss_not_null=805.0, total_train_num=67648,
05/06/2019 10:47:01 r_f1=0.8629472407519709
05/06/2019 10:47:14 batch_idx=1000, loss=0.0027079239953309298, adv_loss=0
05/06/2019 10:47:15 ================================= epoch: 138 ==================================
05/06/2019 10:47:15 loss=0.002579613123089075
05/06/2019 10:47:15 train_loss_not_null=751.0, total_train_num=67712,
05/06/2019 10:47:19 r_f1=0.8629472407519709
05/06/2019 10:47:32 batch_idx=1000, loss=0.0027321656234562397, adv_loss=0
05/06/2019 10:47:33 ================================= epoch: 139 ==================================
05/06/2019 10:47:33 loss=0.002600174630060792
05/06/2019 10:47:33 train_loss_not_null=754.0, total_train_num=67648,
05/06/2019 10:47:37 r_f1=0.8629472407519709
05/06/2019 10:47:51 batch_idx=1000, loss=0.0027433279901742935, adv_loss=0
05/06/2019 10:47:51 ================================= epoch: 140 ==================================
05/06/2019 10:47:51 loss=0.0026180401910096407
05/06/2019 10:47:51 train_loss_not_null=741.0, total_train_num=67648,
05/06/2019 10:47:55 r_f1=0.8629472407519709
05/06/2019 10:48:09 batch_idx=1000, loss=0.00270957313477993, adv_loss=0
05/06/2019 10:48:09 ================================= epoch: 141 ==================================
05/06/2019 10:48:09 loss=0.002579404739663005
05/06/2019 10:48:09 train_loss_not_null=752.0, total_train_num=67648,
05/06/2019 10:48:13 r_f1=0.8629472407519709
05/06/2019 10:48:27 batch_idx=1000, loss=0.0026867373380810022, adv_loss=0
05/06/2019 10:48:28 ================================= epoch: 142 ==================================
05/06/2019 10:48:28 loss=0.0025604062248021364
05/06/2019 10:48:28 train_loss_not_null=724.0, total_train_num=67648,
05/06/2019 10:48:32 r_f1=0.8629472407519709
05/06/2019 10:48:45 batch_idx=1000, loss=0.002586797345429659, adv_loss=0
05/06/2019 10:48:46 ================================= epoch: 143 ==================================
05/06/2019 10:48:46 loss=0.0024698732886463404
05/06/2019 10:48:46 train_loss_not_null=758.0, total_train_num=67584,
05/06/2019 10:48:50 r_f1=0.8629472407519709
05/06/2019 10:49:03 batch_idx=1000, loss=0.0025759232230484486, adv_loss=0
05/06/2019 10:49:04 ================================= epoch: 144 ==================================
05/06/2019 10:49:04 loss=0.0024667358957231045
05/06/2019 10:49:04 train_loss_not_null=747.0, total_train_num=67648,
05/06/2019 10:49:08 r_f1=0.8629472407519709
05/06/2019 10:49:22 batch_idx=1000, loss=0.0026144280564039946, adv_loss=0
05/06/2019 10:49:22 ================================= epoch: 145 ==================================
05/06/2019 10:49:22 loss=0.002500387607142329
05/06/2019 10:49:22 train_loss_not_null=748.0, total_train_num=67648,
05/06/2019 10:49:26 r_f1=0.8629472407519709
05/06/2019 10:49:40 batch_idx=1000, loss=0.002680368022993207, adv_loss=0
05/06/2019 10:49:40 ================================= epoch: 146 ==================================
05/06/2019 10:49:40 loss=0.002566153183579445
05/06/2019 10:49:40 train_loss_not_null=756.0, total_train_num=67648,
05/06/2019 10:49:44 r_f1=0.8629472407519709
05/06/2019 10:49:58 batch_idx=1000, loss=0.0025714286603033543, adv_loss=0
05/06/2019 10:49:59 ================================= epoch: 147 ==================================
05/06/2019 10:49:59 loss=0.0024439168628305197
05/06/2019 10:49:59 train_loss_not_null=735.0, total_train_num=67648,
05/06/2019 10:50:03 r_f1=0.8629472407519709
05/06/2019 10:50:16 batch_idx=1000, loss=0.0024385680444538593, adv_loss=0
05/06/2019 10:50:17 ================================= epoch: 148 ==================================
05/06/2019 10:50:17 loss=0.002320888452231884
05/06/2019 10:50:17 train_loss_not_null=679.0, total_train_num=67648,
05/06/2019 10:50:21 r_f1=0.8629472407519709
05/06/2019 10:50:35 batch_idx=1000, loss=0.002537501510232687, adv_loss=0
05/06/2019 10:50:35 ================================= epoch: 149 ==================================
05/06/2019 10:50:35 loss=0.0024288531858474016
05/06/2019 10:50:35 train_loss_not_null=704.0, total_train_num=67584,
05/06/2019 10:50:39 r_f1=0.8629472407519709
05/06/2019 10:50:53 batch_idx=1000, loss=0.002700926037505269, adv_loss=0
05/06/2019 10:50:53 ================================= epoch: 150 ==================================
05/06/2019 10:50:53 loss=0.0025907543022185564
05/06/2019 10:50:53 train_loss_not_null=756.0, total_train_num=67584,
05/06/2019 10:50:57 r_f1=0.8629472407519709
05/06/2019 10:51:11 batch_idx=1000, loss=0.002839437685906887, adv_loss=0
05/06/2019 10:51:11 ================================= epoch: 151 ==================================
05/06/2019 10:51:11 loss=0.002700766082853079
05/06/2019 10:51:11 train_loss_not_null=747.0, total_train_num=67648,
05/06/2019 10:51:15 r_f1=0.8629472407519709
05/06/2019 10:51:29 batch_idx=1000, loss=0.0026963951531797647, adv_loss=0
05/06/2019 10:51:30 ================================= epoch: 152 ==================================
05/06/2019 10:51:30 loss=0.0025721280835568905
05/06/2019 10:51:30 train_loss_not_null=745.0, total_train_num=67648,
05/06/2019 10:51:34 r_f1=0.8629472407519709
05/06/2019 10:51:47 batch_idx=1000, loss=0.0027124616317451, adv_loss=0
05/06/2019 10:51:48 ================================= epoch: 153 ==================================
05/06/2019 10:51:48 loss=0.0025825498159974813
05/06/2019 10:51:48 train_loss_not_null=749.0, total_train_num=67648,
05/06/2019 10:51:52 r_f1=0.8629472407519709
05/06/2019 10:52:06 batch_idx=1000, loss=0.0025405993219465017, adv_loss=0
05/06/2019 10:52:06 ================================= epoch: 154 ==================================
05/06/2019 10:52:06 loss=0.0024304615799337626
05/06/2019 10:52:06 train_loss_not_null=708.0, total_train_num=67648,
05/06/2019 10:52:10 r_f1=0.8629472407519709
05/06/2019 10:52:24 batch_idx=1000, loss=0.002588538220152259, adv_loss=0
05/06/2019 10:52:24 ================================= epoch: 155 ==================================
05/06/2019 10:52:24 loss=0.002482498763129115
05/06/2019 10:52:24 train_loss_not_null=727.0, total_train_num=67648,
05/06/2019 10:52:28 r_f1=0.8629472407519709
05/06/2019 10:52:41 batch_idx=1000, loss=0.002588592004030943, adv_loss=0
05/06/2019 10:52:42 ================================= epoch: 156 ==================================
05/06/2019 10:52:42 loss=0.002476080786436796
05/06/2019 10:52:42 train_loss_not_null=730.0, total_train_num=67648,
05/06/2019 10:52:46 r_f1=0.8629472407519709
05/06/2019 10:53:00 batch_idx=1000, loss=0.0025362104643136263, adv_loss=0
05/06/2019 10:53:00 ================================= epoch: 157 ==================================
05/06/2019 10:53:00 loss=0.002423854311928153
05/06/2019 10:53:00 train_loss_not_null=696.0, total_train_num=67584,
05/06/2019 10:53:04 r_f1=0.8629472407519709
05/06/2019 10:53:18 batch_idx=1000, loss=0.002669320208951831, adv_loss=0
05/06/2019 10:53:19 ================================= epoch: 158 ==================================
05/06/2019 10:53:19 loss=0.00254691275767982
05/06/2019 10:53:19 train_loss_not_null=744.0, total_train_num=67584,
05/06/2019 10:53:22 r_f1=0.8629472407519709
05/06/2019 10:53:36 batch_idx=1000, loss=0.0026360766496509314, adv_loss=0
05/06/2019 10:53:36 ================================= epoch: 159 ==================================
05/06/2019 10:53:36 loss=0.0025098747573792934
05/06/2019 10:53:36 train_loss_not_null=722.0, total_train_num=67648,
05/06/2019 10:53:40 r_f1=0.8629472407519709
05/06/2019 10:53:54 batch_idx=1000, loss=0.0025982127990573645, adv_loss=0
05/06/2019 10:53:55 ================================= epoch: 160 ==================================
05/06/2019 10:53:55 loss=0.002487198682501912
05/06/2019 10:53:55 train_loss_not_null=724.0, total_train_num=67584,
05/06/2019 10:53:59 r_f1=0.8629472407519709
05/06/2019 10:54:13 batch_idx=1000, loss=0.002692048903554678, adv_loss=0
05/06/2019 10:54:13 ================================= epoch: 161 ==================================
05/06/2019 10:54:13 loss=0.0025821560993790627
05/06/2019 10:54:13 train_loss_not_null=762.0, total_train_num=67648,
05/06/2019 10:54:17 r_f1=0.8629472407519709
05/06/2019 10:54:30 batch_idx=1000, loss=0.0026736450381577015, adv_loss=0
05/06/2019 10:54:31 ================================= epoch: 162 ==================================
05/06/2019 10:54:31 loss=0.0025642458349466324
05/06/2019 10:54:31 train_loss_not_null=777.0, total_train_num=67648,
05/06/2019 10:54:35 r_f1=0.8629472407519709
05/06/2019 10:54:48 batch_idx=1000, loss=0.002804972231388092, adv_loss=0
05/06/2019 10:54:49 ================================= epoch: 163 ==================================
05/06/2019 10:54:49 loss=0.002670434070751071
05/06/2019 10:54:49 train_loss_not_null=776.0, total_train_num=67776,
05/06/2019 10:54:53 r_f1=0.8629472407519709
05/06/2019 10:55:07 batch_idx=1000, loss=0.0028435594867914915, adv_loss=0
05/06/2019 10:55:07 ================================= epoch: 164 ==================================
05/06/2019 10:55:07 loss=0.0027154902927577496
05/06/2019 10:55:07 train_loss_not_null=792.0, total_train_num=67648,
05/06/2019 10:55:11 r_f1=0.8629472407519709
05/06/2019 10:55:25 batch_idx=1000, loss=0.0026669579092413187, adv_loss=0
05/06/2019 10:55:25 ================================= epoch: 165 ==================================
05/06/2019 10:55:25 loss=0.0025438121519982815
05/06/2019 10:55:25 train_loss_not_null=757.0, total_train_num=67648,
05/06/2019 10:55:29 r_f1=0.8635536688902365
05/06/2019 10:55:43 batch_idx=1000, loss=0.002598181366920471, adv_loss=0
05/06/2019 10:55:43 ================================= epoch: 166 ==================================
05/06/2019 10:55:43 loss=0.0024917006958276033
05/06/2019 10:55:43 train_loss_not_null=737.0, total_train_num=67712,
05/06/2019 10:55:47 r_f1=0.8635536688902365
05/06/2019 10:56:01 batch_idx=1000, loss=0.0026522749103605747, adv_loss=0
05/06/2019 10:56:01 ================================= epoch: 167 ==================================
05/06/2019 10:56:01 loss=0.002535022096708417
05/06/2019 10:56:01 train_loss_not_null=732.0, total_train_num=67648,
05/06/2019 10:56:05 r_f1=0.8635536688902365
05/06/2019 10:56:19 batch_idx=1000, loss=0.0027055800892412663, adv_loss=0
05/06/2019 10:56:19 ================================= epoch: 168 ==================================
05/06/2019 10:56:19 loss=0.0025963573716580868
05/06/2019 10:56:19 train_loss_not_null=762.0, total_train_num=67648,
05/06/2019 10:56:23 r_f1=0.8635536688902365
05/06/2019 10:56:37 batch_idx=1000, loss=0.0027461692225188017, adv_loss=0
05/06/2019 10:56:37 ================================= epoch: 169 ==================================
05/06/2019 10:56:37 loss=0.0026320614852011204
05/06/2019 10:56:37 train_loss_not_null=768.0, total_train_num=67648,
05/06/2019 10:56:41 r_f1=0.8635536688902365
05/06/2019 10:56:55 batch_idx=1000, loss=0.0026284614577889442, adv_loss=0
05/06/2019 10:56:56 ================================= epoch: 170 ==================================
05/06/2019 10:56:56 loss=0.0025140114594250917
05/06/2019 10:56:56 train_loss_not_null=768.0, total_train_num=67648,
05/06/2019 10:57:00 r_f1=0.8635536688902365
05/06/2019 10:57:13 batch_idx=1000, loss=0.002721161348745227, adv_loss=0
05/06/2019 10:57:14 ================================= epoch: 171 ==================================
05/06/2019 10:57:14 loss=0.0025920115876942873
05/06/2019 10:57:14 train_loss_not_null=765.0, total_train_num=67648,
05/06/2019 10:57:18 r_f1=0.8635536688902365
05/06/2019 10:57:31 batch_idx=1000, loss=0.0025337955448776484, adv_loss=0
05/06/2019 10:57:32 ================================= epoch: 172 ==================================
05/06/2019 10:57:32 loss=0.002417538082227111
05/06/2019 10:57:32 train_loss_not_null=681.0, total_train_num=67648,
05/06/2019 10:57:36 r_f1=0.8635536688902365
05/06/2019 10:57:49 batch_idx=1000, loss=0.0026475833728909492, adv_loss=0
05/06/2019 10:57:50 ================================= epoch: 173 ==================================
05/06/2019 10:57:50 loss=0.0025248618330806494
05/06/2019 10:57:50 train_loss_not_null=720.0, total_train_num=67584,
05/06/2019 10:57:54 r_f1=0.8635536688902365
05/06/2019 10:58:07 batch_idx=1000, loss=0.0027010294143110514, adv_loss=0
05/06/2019 10:58:08 ================================= epoch: 174 ==================================
05/06/2019 10:58:08 loss=0.0025931973941624165
05/06/2019 10:58:08 train_loss_not_null=757.0, total_train_num=67648,
05/06/2019 10:58:11 r_f1=0.8635536688902365
05/06/2019 10:58:25 batch_idx=1000, loss=0.002678810153156519, adv_loss=0
05/06/2019 10:58:25 ================================= epoch: 175 ==================================
05/06/2019 10:58:25 loss=0.002553969155997038
05/06/2019 10:58:25 train_loss_not_null=740.0, total_train_num=67648,
05/06/2019 10:58:29 r_f1=0.8635536688902365
05/06/2019 10:58:43 batch_idx=1000, loss=0.0026975804939866066, adv_loss=0
05/06/2019 10:58:44 ================================= epoch: 176 ==================================
05/06/2019 10:58:44 loss=0.0025674623902887106
05/06/2019 10:58:44 train_loss_not_null=744.0, total_train_num=67648,
05/06/2019 10:58:48 r_f1=0.8635536688902365
05/06/2019 10:59:02 batch_idx=1000, loss=0.002748433966189623, adv_loss=0
05/06/2019 10:59:03 ================================= epoch: 177 ==================================
05/06/2019 10:59:03 loss=0.002619281644001603
05/06/2019 10:59:03 train_loss_not_null=767.0, total_train_num=67648,
05/06/2019 10:59:06 r_f1=0.8635536688902365
05/06/2019 10:59:20 batch_idx=1000, loss=0.0027228619437664747, adv_loss=0
05/06/2019 10:59:21 ================================= epoch: 178 ==================================
05/06/2019 10:59:21 loss=0.0025938968174159527
05/06/2019 10:59:21 train_loss_not_null=744.0, total_train_num=67712,
05/06/2019 10:59:25 r_f1=0.8635536688902365
05/06/2019 10:59:39 batch_idx=1000, loss=0.002611556788906455, adv_loss=0
05/06/2019 10:59:40 ================================= epoch: 179 ==================================
05/06/2019 10:59:40 loss=0.0024935947731137276
05/06/2019 10:59:40 train_loss_not_null=685.0, total_train_num=67648,
05/06/2019 10:59:44 r_f1=0.8635536688902365
05/06/2019 10:59:57 batch_idx=1000, loss=0.002692968351766467, adv_loss=0
05/06/2019 10:59:58 ================================= epoch: 180 ==================================
05/06/2019 10:59:58 loss=0.002564714988693595
05/06/2019 10:59:58 train_loss_not_null=743.0, total_train_num=67584,
05/06/2019 11:00:02 r_f1=0.8635536688902365
05/06/2019 11:00:16 batch_idx=1000, loss=0.002673456212505698, adv_loss=0
05/06/2019 11:00:16 ================================= epoch: 181 ==================================
05/06/2019 11:00:16 loss=0.0025514373555779457
05/06/2019 11:00:16 train_loss_not_null=758.0, total_train_num=67648,
05/06/2019 11:00:20 r_f1=0.8635536688902365
05/06/2019 11:00:34 batch_idx=1000, loss=0.0027539744041860104, adv_loss=0
05/06/2019 11:00:35 ================================= epoch: 182 ==================================
05/06/2019 11:00:35 loss=0.0026325162034481764
05/06/2019 11:00:35 train_loss_not_null=774.0, total_train_num=67648,
05/06/2019 11:00:39 r_f1=0.8635536688902365
05/06/2019 11:00:52 batch_idx=1000, loss=0.002645395928993821, adv_loss=0
05/06/2019 11:00:53 ================================= epoch: 183 ==================================
05/06/2019 11:00:53 loss=0.0025241312105208635
05/06/2019 11:00:53 train_loss_not_null=750.0, total_train_num=67712,
05/06/2019 11:00:56 r_f1=0.8635536688902365
05/06/2019 11:01:10 batch_idx=1000, loss=0.002673372393473983, adv_loss=0
05/06/2019 11:01:11 ================================= epoch: 184 ==================================
05/06/2019 11:01:11 loss=0.0025505726225674152
05/06/2019 11:01:11 train_loss_not_null=736.0, total_train_num=67648,
05/06/2019 11:01:15 r_f1=0.8635536688902365
05/06/2019 11:01:28 batch_idx=1000, loss=0.0025776319671422243, adv_loss=0
05/06/2019 11:01:29 ================================= epoch: 185 ==================================
05/06/2019 11:01:29 loss=0.0024646397214382887
05/06/2019 11:01:29 train_loss_not_null=732.0, total_train_num=67648,
05/06/2019 11:01:33 r_f1=0.8635536688902365
05/06/2019 11:01:47 batch_idx=1000, loss=0.002722057979553938, adv_loss=0
05/06/2019 11:01:47 ================================= epoch: 186 ==================================
05/06/2019 11:01:47 loss=0.002595578320324421
05/06/2019 11:01:47 train_loss_not_null=735.0, total_train_num=67648,
05/06/2019 11:01:51 r_f1=0.8635536688902365
05/06/2019 11:02:05 batch_idx=1000, loss=0.0026914775371551514, adv_loss=0
05/06/2019 11:02:06 ================================= epoch: 187 ==================================
05/06/2019 11:02:06 loss=0.00256236526183784
05/06/2019 11:02:06 train_loss_not_null=755.0, total_train_num=67648,
05/06/2019 11:02:10 r_f1=0.8635536688902365
05/06/2019 11:02:23 batch_idx=1000, loss=0.002782906871289015, adv_loss=0
05/06/2019 11:02:24 ================================= epoch: 188 ==================================
05/06/2019 11:02:24 loss=0.002647769171744585
05/06/2019 11:02:24 train_loss_not_null=790.0, total_train_num=67648,
05/06/2019 11:02:28 r_f1=0.8635536688902365
05/06/2019 11:02:42 batch_idx=1000, loss=0.002770703751593828, adv_loss=0
05/06/2019 11:02:42 ================================= epoch: 189 ==================================
05/06/2019 11:02:42 loss=0.0026320123579353094
05/06/2019 11:02:42 train_loss_not_null=739.0, total_train_num=67648,
05/06/2019 11:02:46 r_f1=0.8635536688902365
05/06/2019 11:03:00 batch_idx=1000, loss=0.002620977582409978, adv_loss=0
05/06/2019 11:03:01 ================================= epoch: 190 ==================================
05/06/2019 11:03:01 loss=0.002489911625161767
05/06/2019 11:03:01 train_loss_not_null=704.0, total_train_num=67648,
05/06/2019 11:03:05 r_f1=0.8635536688902365
05/06/2019 11:03:18 batch_idx=1000, loss=0.0026198592968285084, adv_loss=0
05/06/2019 11:03:19 ================================= epoch: 191 ==================================
05/06/2019 11:03:19 loss=0.002496798522770405
05/06/2019 11:03:19 train_loss_not_null=726.0, total_train_num=67648,
05/06/2019 11:03:23 r_f1=0.8635536688902365
05/06/2019 11:03:37 batch_idx=1000, loss=0.002518852474167943, adv_loss=0
05/06/2019 11:03:37 ================================= epoch: 192 ==================================
05/06/2019 11:03:37 loss=0.0024263598024845123
05/06/2019 11:03:37 train_loss_not_null=739.0, total_train_num=67648,
05/06/2019 11:03:41 r_f1=0.8635536688902365
05/06/2019 11:03:55 batch_idx=1000, loss=0.0026224348694086075, adv_loss=0
05/06/2019 11:03:55 ================================= epoch: 193 ==================================
05/06/2019 11:03:55 loss=0.002505426062270999
05/06/2019 11:03:55 train_loss_not_null=748.0, total_train_num=67648,
05/06/2019 11:03:59 r_f1=0.8635536688902365
05/06/2019 11:04:12 batch_idx=1000, loss=0.0025217882357537746, adv_loss=0
05/06/2019 11:04:13 ================================= epoch: 194 ==================================
05/06/2019 11:04:13 loss=0.002409441629424691
05/06/2019 11:04:13 train_loss_not_null=731.0, total_train_num=67648,
05/06/2019 11:04:17 r_f1=0.8635536688902365
05/06/2019 11:04:30 batch_idx=1000, loss=0.002671303227543831, adv_loss=0
05/06/2019 11:04:31 ================================= epoch: 195 ==================================
05/06/2019 11:04:31 loss=0.0025661885738372803
05/06/2019 11:04:31 train_loss_not_null=760.0, total_train_num=67648,
05/06/2019 11:04:35 r_f1=0.8635536688902365
05/06/2019 11:04:48 batch_idx=1000, loss=0.002490309299901128, adv_loss=0
05/06/2019 11:04:49 ================================= epoch: 196 ==================================
05/06/2019 11:04:49 loss=0.002386222593486309
05/06/2019 11:04:49 train_loss_not_null=708.0, total_train_num=67648,
05/06/2019 11:04:53 r_f1=0.8635536688902365
05/06/2019 11:05:06 batch_idx=1000, loss=0.0026511051692068577, adv_loss=0
05/06/2019 11:05:07 ================================= epoch: 197 ==================================
05/06/2019 11:05:07 loss=0.0025380742736160755
05/06/2019 11:05:07 train_loss_not_null=761.0, total_train_num=67584,
05/06/2019 11:05:11 r_f1=0.8635536688902365
05/06/2019 11:05:24 batch_idx=1000, loss=0.002591516589745879, adv_loss=0
05/06/2019 11:05:25 ================================= epoch: 198 ==================================
05/06/2019 11:05:25 loss=0.0024738837964832783
05/06/2019 11:05:25 train_loss_not_null=736.0, total_train_num=67648,
05/06/2019 11:05:29 r_f1=0.8635536688902365
05/06/2019 11:05:42 batch_idx=1000, loss=0.0028229220770299435, adv_loss=0
05/06/2019 11:05:42 ================================= epoch: 199 ==================================
05/06/2019 11:05:42 loss=0.002693793037906289
05/06/2019 11:05:42 train_loss_not_null=804.0, total_train_num=67648,
05/06/2019 11:05:46 r_f1=0.8635536688902365
05/06/2019 11:06:00 batch_idx=1000, loss=0.002673396375030279, adv_loss=0
05/06/2019 11:06:00 ================================= epoch: 200 ==================================
05/06/2019 11:06:00 loss=0.002549867145717144
05/06/2019 11:06:00 train_loss_not_null=753.0, total_train_num=67712,
05/06/2019 11:06:04 r_f1=0.8635536688902365
05/06/2019 11:06:18 batch_idx=1000, loss=0.002719653071835637, adv_loss=0
05/06/2019 11:06:18 ================================= epoch: 201 ==================================
05/06/2019 11:06:18 loss=0.0025996959302574396
05/06/2019 11:06:18 train_loss_not_null=806.0, total_train_num=67648,
05/06/2019 11:06:22 r_f1=0.8635536688902365
05/06/2019 11:06:35 batch_idx=1000, loss=0.002730631735175848, adv_loss=0
05/06/2019 11:06:36 ================================= epoch: 202 ==================================
05/06/2019 11:06:36 loss=0.002623392967507243
05/06/2019 11:06:36 train_loss_not_null=773.0, total_train_num=67648,
05/06/2019 11:06:40 r_f1=0.8635536688902365
05/06/2019 11:06:54 batch_idx=1000, loss=0.002786206314340234, adv_loss=0
05/06/2019 11:06:54 ================================= epoch: 203 ==================================
05/06/2019 11:06:54 loss=0.002661338774487376
05/06/2019 11:06:54 train_loss_not_null=779.0, total_train_num=67648,
05/06/2019 11:06:58 r_f1=0.8635536688902365
05/06/2019 11:07:11 batch_idx=1000, loss=0.002709690248593688, adv_loss=0
05/06/2019 11:07:12 ================================= epoch: 204 ==================================
05/06/2019 11:07:12 loss=0.0025824520271271467
05/06/2019 11:07:12 train_loss_not_null=778.0, total_train_num=67648,
05/06/2019 11:07:16 r_f1=0.8635536688902365
05/06/2019 11:07:29 batch_idx=1000, loss=0.002711874432861805, adv_loss=0
05/06/2019 11:07:30 ================================= epoch: 205 ==================================
05/06/2019 11:07:30 loss=0.0025795684196054935
05/06/2019 11:07:30 train_loss_not_null=757.0, total_train_num=67712,
05/06/2019 11:07:34 r_f1=0.8635536688902365
05/06/2019 11:07:48 batch_idx=1000, loss=0.002735306741669774, adv_loss=0
05/06/2019 11:07:48 ================================= epoch: 206 ==================================
05/06/2019 11:07:48 loss=0.0026065120473504066
05/06/2019 11:07:48 train_loss_not_null=740.0, total_train_num=67648,
05/06/2019 11:07:52 r_f1=0.8635536688902365
05/06/2019 11:08:06 batch_idx=1000, loss=0.0025777204427868128, adv_loss=0
05/06/2019 11:08:07 ================================= epoch: 207 ==================================
05/06/2019 11:08:07 loss=0.002470503794029355
05/06/2019 11:08:07 train_loss_not_null=754.0, total_train_num=67648,
05/06/2019 11:08:11 r_f1=0.8635536688902365
05/06/2019 11:08:24 batch_idx=1000, loss=0.0026146641466766596, adv_loss=0
05/06/2019 11:08:25 ================================= epoch: 208 ==================================
05/06/2019 11:08:25 loss=0.00250270776450634
05/06/2019 11:08:25 train_loss_not_null=753.0, total_train_num=67648,
05/06/2019 11:08:29 r_f1=0.8635536688902365
05/06/2019 11:08:43 batch_idx=1000, loss=0.002610533032566309, adv_loss=0
05/06/2019 11:08:43 ================================= epoch: 209 ==================================
05/06/2019 11:08:43 loss=0.0025050756521523
05/06/2019 11:08:43 train_loss_not_null=759.0, total_train_num=67712,
05/06/2019 11:08:47 r_f1=0.8635536688902365
05/06/2019 11:09:01 batch_idx=1000, loss=0.0027530721854418516, adv_loss=0
05/06/2019 11:09:02 ================================= epoch: 210 ==================================
05/06/2019 11:09:02 loss=0.0026258896104991436
05/06/2019 11:09:02 train_loss_not_null=747.0, total_train_num=67648,
05/06/2019 11:09:06 r_f1=0.8635536688902365
05/06/2019 11:09:20 batch_idx=1000, loss=0.002778137568384409, adv_loss=0
05/06/2019 11:09:20 ================================= epoch: 211 ==================================
05/06/2019 11:09:20 loss=0.0026588281616568565
05/06/2019 11:09:20 train_loss_not_null=771.0, total_train_num=67648,
05/06/2019 11:09:24 r_f1=0.8635536688902365
05/06/2019 11:09:38 batch_idx=1000, loss=0.002808039076626301, adv_loss=0
05/06/2019 11:09:39 ================================= epoch: 212 ==================================
05/06/2019 11:09:39 loss=0.002673286944627762
05/06/2019 11:09:39 train_loss_not_null=790.0, total_train_num=67712,
05/06/2019 11:09:43 r_f1=0.8635536688902365
05/06/2019 11:09:57 batch_idx=1000, loss=0.0027360962703824043, adv_loss=0
05/06/2019 11:09:57 ================================= epoch: 213 ==================================
05/06/2019 11:09:57 loss=0.0026010258588939905
05/06/2019 11:09:57 train_loss_not_null=774.0, total_train_num=67712,
05/06/2019 11:10:01 r_f1=0.8635536688902365
05/06/2019 11:10:15 batch_idx=1000, loss=0.0026986459270119667, adv_loss=0
05/06/2019 11:10:16 ================================= epoch: 214 ==================================
05/06/2019 11:10:16 loss=0.002569847973063588
05/06/2019 11:10:16 train_loss_not_null=755.0, total_train_num=67712,
05/06/2019 11:10:20 r_f1=0.8635536688902365
05/06/2019 11:10:33 batch_idx=1000, loss=0.0025216974318027496, adv_loss=0
05/06/2019 11:10:34 ================================= epoch: 215 ==================================
05/06/2019 11:10:34 loss=0.0024146251380443573
05/06/2019 11:10:34 train_loss_not_null=739.0, total_train_num=67648,
05/06/2019 11:10:38 r_f1=0.8635536688902365
05/06/2019 11:10:51 batch_idx=1000, loss=0.0025916886515915394, adv_loss=0
05/06/2019 11:10:52 ================================= epoch: 216 ==================================
05/06/2019 11:10:52 loss=0.00247887778095901
05/06/2019 11:10:52 train_loss_not_null=755.0, total_train_num=67648,
05/06/2019 11:10:56 r_f1=0.8635536688902365
05/06/2019 11:11:09 batch_idx=1000, loss=0.002644485328346491, adv_loss=0
05/06/2019 11:11:10 ================================= epoch: 217 ==================================
05/06/2019 11:11:10 loss=0.0025188529398292303
05/06/2019 11:11:10 train_loss_not_null=728.0, total_train_num=67648,
05/06/2019 11:11:14 r_f1=0.8635536688902365
05/06/2019 11:11:27 batch_idx=1000, loss=0.0026865871623158455, adv_loss=0
05/06/2019 11:11:28 ================================= epoch: 218 ==================================
05/06/2019 11:11:28 loss=0.002561679808422923
05/06/2019 11:11:28 train_loss_not_null=758.0, total_train_num=67584,
05/06/2019 11:11:31 r_f1=0.8635536688902365
05/06/2019 11:11:45 batch_idx=1000, loss=0.0025849926751106977, adv_loss=0
05/06/2019 11:11:45 ================================= epoch: 219 ==================================
05/06/2019 11:11:45 loss=0.002465310972183943
05/06/2019 11:11:45 train_loss_not_null=758.0, total_train_num=67648,
05/06/2019 11:11:49 r_f1=0.8635536688902365
05/06/2019 11:12:03 batch_idx=1000, loss=0.0025619203224778175, adv_loss=0
05/06/2019 11:12:03 ================================= epoch: 220 ==================================
05/06/2019 11:12:03 loss=0.002460173098370433
05/06/2019 11:12:03 train_loss_not_null=705.0, total_train_num=67648,
05/06/2019 11:12:07 r_f1=0.8635536688902365
05/06/2019 11:12:21 batch_idx=1000, loss=0.0025072910357266665, adv_loss=0
05/06/2019 11:12:21 ================================= epoch: 221 ==================================
05/06/2019 11:12:21 loss=0.002388831228017807
05/06/2019 11:12:21 train_loss_not_null=702.0, total_train_num=67648,
05/06/2019 11:12:25 r_f1=0.8635536688902365
05/06/2019 11:12:39 batch_idx=1000, loss=0.002530801109969616, adv_loss=0
05/06/2019 11:12:39 ================================= epoch: 222 ==================================
05/06/2019 11:12:39 loss=0.002409493550658226
05/06/2019 11:12:39 train_loss_not_null=694.0, total_train_num=67584,
05/06/2019 11:12:43 r_f1=0.8635536688902365
05/06/2019 11:12:57 batch_idx=1000, loss=0.0025026455987244844, adv_loss=0
05/06/2019 11:12:57 ================================= epoch: 223 ==================================
05/06/2019 11:12:57 loss=0.0023859157226979733
05/06/2019 11:12:57 train_loss_not_null=701.0, total_train_num=67648,
05/06/2019 11:13:01 r_f1=0.8635536688902365
05/06/2019 11:13:14 batch_idx=1000, loss=0.00257440865971148, adv_loss=0
05/06/2019 11:13:15 ================================= epoch: 224 ==================================
05/06/2019 11:13:15 loss=0.0024601847399026155
05/06/2019 11:13:15 train_loss_not_null=723.0, total_train_num=67648,
05/06/2019 11:13:19 r_f1=0.8635536688902365
05/06/2019 11:13:32 batch_idx=1000, loss=0.002556007821112871, adv_loss=0
05/06/2019 11:13:33 ================================= epoch: 225 ==================================
05/06/2019 11:13:33 loss=0.0024454586673527956
05/06/2019 11:13:33 train_loss_not_null=713.0, total_train_num=67648,
05/06/2019 11:13:37 r_f1=0.8635536688902365
05/06/2019 11:13:50 batch_idx=1000, loss=0.002631687093526125, adv_loss=0
05/06/2019 11:13:51 ================================= epoch: 226 ==================================
05/06/2019 11:13:51 loss=0.0025022421032190323
05/06/2019 11:13:51 train_loss_not_null=736.0, total_train_num=67648,
