05/05/2019 06:40:14 TraditionalRDModel, 8163600 parameters
05/05/2019 06:40:14 {
 "train_batchsize": 256,
 "valid_batchsize": 512,
 "alias_num": 1,
 "alias_q_max_len": 10,
 "match_o_dim": 900,
 "emb_dim": 300,
 "q_hidden": 150,
 "rel_hidden": 150,
 "rel_alias_hidden": 150,
 "merge_fts_dim": 250,
 "merge_kernel_sizes": [
  1,
  2,
  2
 ],
 "merge_filter_nums": [
  50,
  50,
  150
 ],
 "sru_ly_num": 1,
 "dropout_emb": 0.35,
 "dropout_rnn": 0.1,
 "dropout_rnn_output": true,
 "dropout_liner_output_rate": 0.25,
 "concat_rnn_layers": false,
 "res_net": false,
 "with_selection": true,
 "with_wh": true,
 "with_only_dynamic_wh": false,
 "use_wh_hot": false,
 "without_interactive": false,
 "optimizer": "adamax",
 "learning_rate": 0.002,
 "adv_rate": 0.00025,
 "weight_decay": 0,
 "review_rate": 0.35,
 "train_idx": "abwim",
 "dev": 1,
 "log_file": "logs/New_exp_idx_abwim_on_1.log",
 "model_dir": "models/New_exp_idx_abwim_on_1/",
 "drop_wh_sts": 10,
 "resume_dsrc_flag": false
}
05/05/2019 06:40:55 batch_idx=1000, loss=0.06397194415330887, adv_loss=0
05/05/2019 06:41:35 ================================= epoch: 0 ==================================
05/05/2019 06:41:35 loss=0.050205834209918976
05/05/2019 06:41:35 train_loss_not_null=71414.0, total_train_num=499037,
05/05/2019 06:41:36 new best valid f1 found
05/05/2019 06:41:36 valid, r_f1=0.9118246192647201, batch_num=1950, need
05/05/2019 06:41:40 test, r_f1=0.9145033723130671, batch_num=1950, need
05/05/2019 06:42:22 batch_idx=1000, loss=0.029256433248519897, adv_loss=0
05/05/2019 06:43:02 ================================= epoch: 1 ==================================
05/05/2019 06:43:02 loss=0.02788776345551014
05/05/2019 06:43:02 train_loss_not_null=43926.0, total_train_num=499037,
05/05/2019 06:43:03 new best valid f1 found
05/05/2019 06:43:03 valid, r_f1=0.9254049859346203, batch_num=3900, need
05/05/2019 06:43:07 test, r_f1=0.9237226454461643, batch_num=3900, need
05/05/2019 06:43:50 batch_idx=1000, loss=0.023757822811603546, adv_loss=0
05/05/2019 06:44:29 ================================= epoch: 2 ==================================
05/05/2019 06:44:29 loss=0.022777380421757698
05/05/2019 06:44:29 train_loss_not_null=36962.0, total_train_num=499037,
05/05/2019 06:44:31 new best valid f1 found
05/05/2019 06:44:31 valid, r_f1=0.9304491221262974, batch_num=5850, need
05/05/2019 06:44:35 test, r_f1=0.9280411470716677, batch_num=5850, need
05/05/2019 06:45:18 batch_idx=1000, loss=0.020540602505207062, adv_loss=0
05/05/2019 06:45:57 ================================= epoch: 3 ==================================
05/05/2019 06:45:57 loss=0.019975589588284492
05/05/2019 06:45:57 train_loss_not_null=32970.0, total_train_num=499037,
05/05/2019 06:45:59 new best valid f1 found
05/05/2019 06:45:59 valid, r_f1=0.9323891745077117, batch_num=7800, need
05/05/2019 06:46:03 test, r_f1=0.9310495414624679, batch_num=7800, need
05/05/2019 06:46:46 batch_idx=1000, loss=0.018422946333885193, adv_loss=0
05/05/2019 06:47:26 ================================= epoch: 4 ==================================
05/05/2019 06:47:26 loss=0.01823459379374981
05/05/2019 06:47:26 train_loss_not_null=30405.0, total_train_num=499037,
05/05/2019 06:47:27 new best valid f1 found
05/05/2019 06:47:27 valid, r_f1=0.9326801823649239, batch_num=9750, need
05/05/2019 06:47:31 test, r_f1=0.9314862438740357, batch_num=9750, need
05/05/2019 06:48:14 batch_idx=1000, loss=0.016833068802952766, adv_loss=0
05/05/2019 06:48:53 ================================= epoch: 5 ==================================
05/05/2019 06:48:53 loss=0.01689824089407921
05/05/2019 06:48:53 train_loss_not_null=28409.0, total_train_num=499037,
05/05/2019 06:48:55 new best valid f1 found
05/05/2019 06:48:55 valid, r_f1=0.9347172373654089, batch_num=11700, need
05/05/2019 06:48:59 test, r_f1=0.9318744237954292, batch_num=11700, need
05/05/2019 06:49:42 batch_idx=1000, loss=0.015613095834851265, adv_loss=0
05/05/2019 06:50:21 ================================= epoch: 6 ==================================
05/05/2019 06:50:21 loss=0.015564351342618465
05/05/2019 06:50:21 train_loss_not_null=26377.0, total_train_num=499037,
05/05/2019 06:50:23 new best valid f1 found
05/05/2019 06:50:23 valid, r_f1=0.9351052478416917, batch_num=13650, need
05/05/2019 06:50:26 test, r_f1=0.9328933960890873, batch_num=13650, need
05/05/2019 06:51:10 batch_idx=1000, loss=0.015108770690858364, adv_loss=0
05/05/2019 06:51:49 ================================= epoch: 7 ==================================
05/05/2019 06:51:49 loss=0.014780175872147083
05/05/2019 06:51:49 train_loss_not_null=25228.0, total_train_num=499037,
05/05/2019 06:51:51 valid, r_f1=0.9345232321272674, batch_num=15600, need
05/05/2019 06:51:55 test, r_f1=0.9327963511087389, batch_num=15600, need
05/05/2019 06:52:38 batch_idx=1000, loss=0.014360587112605572, adv_loss=0
05/05/2019 06:53:18 ================================= epoch: 8 ==================================
05/05/2019 06:53:18 loss=0.014149956405162811
05/05/2019 06:53:18 train_loss_not_null=24240.0, total_train_num=499037,
05/05/2019 06:53:19 new best valid f1 found
05/05/2019 06:53:19 valid, r_f1=0.9366572897468232, batch_num=17550, need
05/05/2019 06:53:23 test, r_f1=0.9334271434810034, batch_num=17550, need
05/05/2019 06:54:06 batch_idx=1000, loss=0.013808670453727245, adv_loss=0
05/05/2019 06:54:45 ================================= epoch: 9 ==================================
05/05/2019 06:54:45 loss=0.013819471932947636
05/05/2019 06:54:45 train_loss_not_null=23595.0, total_train_num=499037,
05/05/2019 06:54:47 valid, r_f1=0.936366281889611, batch_num=19500, need
05/05/2019 06:54:51 test, r_f1=0.934057935853268, batch_num=19500, need
05/05/2019 06:55:33 batch_idx=1000, loss=0.013287902809679508, adv_loss=0
05/05/2019 06:56:14 ================================= epoch: 10 ==================================
05/05/2019 06:56:14 loss=0.013364581391215324
05/05/2019 06:56:14 train_loss_not_null=23033.0, total_train_num=499037,
05/05/2019 06:56:15 valid, r_f1=0.9358812687942575, batch_num=21450, need
05/05/2019 06:56:19 test, r_f1=0.9344461157746615, batch_num=21450, need
05/05/2019 06:56:53 ================================= epoch: 11 ==================================
05/05/2019 06:56:53 loss=0.012932765297591686
05/05/2019 06:56:53 train_loss_not_null=9206.0, total_train_num=206848,
05/05/2019 06:56:55 new best valid f1 found
05/05/2019 06:56:55 model saved to models/New_exp_idx_abwim_on_1/model_epoch_11.h5.
05/05/2019 06:56:55 valid, r_f1=0.9382093316519546, batch_num=22258, need
05/05/2019 06:56:58 test, r_f1=0.9341549808336164, batch_num=22258, need
05/05/2019 06:57:33 ================================= epoch: 12 ==================================
05/05/2019 06:57:33 loss=0.012584393844008446
05/05/2019 06:57:33 train_loss_not_null=9019.0, total_train_num=206592,
05/05/2019 06:57:34 valid, r_f1=0.9373363080803182, batch_num=23065, need
05/05/2019 06:57:38 test, r_f1=0.9350769081469261, batch_num=23065, need
05/05/2019 06:58:12 ================================= epoch: 13 ==================================
05/05/2019 06:58:12 loss=0.012280464172363281
05/05/2019 06:58:12 train_loss_not_null=8753.0, total_train_num=206336,
05/05/2019 06:58:14 valid, r_f1=0.9367542923658939, batch_num=23871, need
05/05/2019 06:58:18 test, r_f1=0.9361444029307584, batch_num=23871, need
05/05/2019 06:58:52 ================================= epoch: 14 ==================================
05/05/2019 06:58:52 loss=0.012283884920179844
05/05/2019 06:58:52 train_loss_not_null=8790.0, total_train_num=206336,
05/05/2019 06:58:54 valid, r_f1=0.9359782714133281, batch_num=24677, need
05/05/2019 06:58:57 test, r_f1=0.9359017904798874, batch_num=24677, need
05/05/2019 06:59:31 ================================= epoch: 15 ==================================
05/05/2019 06:59:31 loss=0.012273639440536499
05/05/2019 06:59:31 train_loss_not_null=8857.0, total_train_num=206336,
05/05/2019 06:59:33 valid, r_f1=0.9372393054612475, batch_num=25483, need
05/05/2019 06:59:37 test, r_f1=0.9352709981076229, batch_num=25483, need
05/05/2019 07:00:11 ================================= epoch: 16 ==================================
05/05/2019 07:00:11 loss=0.011968731880187988
05/05/2019 07:00:11 train_loss_not_null=8526.0, total_train_num=206080,
05/05/2019 07:00:13 valid, r_f1=0.9372393054612475, batch_num=26288, need
05/05/2019 07:00:16 test, r_f1=0.9356591780290164, batch_num=26288, need
05/05/2019 07:00:51 ================================= epoch: 17 ==================================
05/05/2019 07:00:51 loss=0.011921987868845463
05/05/2019 07:00:51 train_loss_not_null=8612.0, total_train_num=205824,
05/05/2019 07:00:52 valid, r_f1=0.9382093316519546, batch_num=27092, need
05/05/2019 07:00:56 test, r_f1=0.93604735795041, batch_num=27092, need
05/05/2019 07:01:30 ================================= epoch: 18 ==================================
05/05/2019 07:01:30 loss=0.01189804170280695
05/05/2019 07:01:30 train_loss_not_null=8505.0, total_train_num=206080,
05/05/2019 07:01:32 valid, r_f1=0.9372393054612475, batch_num=27897, need
05/05/2019 07:01:35 test, r_f1=0.9349313406764035, batch_num=27897, need
05/05/2019 07:02:10 ================================= epoch: 19 ==================================
05/05/2019 07:02:10 loss=0.011888562701642513
05/05/2019 07:02:10 train_loss_not_null=8615.0, total_train_num=206080,
05/05/2019 07:02:11 valid, r_f1=0.9380153264138131, batch_num=28702, need
05/05/2019 07:02:15 test, r_f1=0.9359503129700616, batch_num=28702, need
05/05/2019 07:02:49 ================================= epoch: 20 ==================================
05/05/2019 07:02:49 loss=0.011457103304564953
05/05/2019 07:02:49 train_loss_not_null=8191.0, total_train_num=206080,
05/05/2019 07:02:51 valid, r_f1=0.9373363080803182, batch_num=29507, need
05/05/2019 07:02:54 test, r_f1=0.9368237177931972, batch_num=29507, need
05/05/2019 07:03:29 ================================= epoch: 21 ==================================
05/05/2019 07:03:29 loss=0.011157700791954994
05/05/2019 07:03:29 train_loss_not_null=8234.0, total_train_num=205568,
05/05/2019 07:03:30 valid, r_f1=0.9380153264138131, batch_num=30310, need
05/05/2019 07:03:34 test, r_f1=0.9361444029307584, batch_num=30310, need
05/05/2019 07:04:08 ================================= epoch: 22 ==================================
05/05/2019 07:04:08 loss=0.011294287629425526
05/05/2019 07:04:08 train_loss_not_null=8200.0, total_train_num=205824,
05/05/2019 07:04:10 new best valid f1 found
05/05/2019 07:04:10 model saved to models/New_exp_idx_abwim_on_1/model_epoch_22.h5.
05/05/2019 07:04:10 valid, r_f1=0.9385003395091668, batch_num=31114, need
05/05/2019 07:04:13 test, r_f1=0.9367266728128487, batch_num=31114, need
05/05/2019 07:04:47 ================================= epoch: 23 ==================================
05/05/2019 07:04:47 loss=0.011181829497218132
05/05/2019 07:04:47 train_loss_not_null=8061.0, total_train_num=205568,
05/05/2019 07:04:49 valid, r_f1=0.9376273159375303, batch_num=31917, need
05/05/2019 07:04:52 test, r_f1=0.9361929254209326, batch_num=31917, need
05/05/2019 07:05:27 ================================= epoch: 24 ==================================
05/05/2019 07:05:27 loss=0.011097651906311512
05/05/2019 07:05:27 train_loss_not_null=8063.0, total_train_num=205312,
05/05/2019 07:05:28 valid, r_f1=0.9369482976040353, batch_num=32719, need
05/05/2019 07:05:32 test, r_f1=0.9366296278325004, batch_num=32719, need
05/05/2019 07:06:06 ================================= epoch: 25 ==================================
05/05/2019 07:06:06 loss=0.01117139682173729
05/05/2019 07:06:06 train_loss_not_null=7970.0, total_train_num=205568,
05/05/2019 07:06:08 valid, r_f1=0.9369482976040353, batch_num=33522, need
05/05/2019 07:06:11 test, r_f1=0.9362414479111068, batch_num=33522, need
05/05/2019 07:06:46 ================================= epoch: 26 ==================================
05/05/2019 07:06:46 loss=0.010802985168993473
05/05/2019 07:06:46 train_loss_not_null=7799.0, total_train_num=205312,
05/05/2019 07:06:47 valid, r_f1=0.9370453002231061, batch_num=34324, need
05/05/2019 07:06:51 test, r_f1=0.9368722402833713, batch_num=34324, need
05/05/2019 07:07:25 ================================= epoch: 27 ==================================
05/05/2019 07:07:25 loss=0.010882456786930561
05/05/2019 07:07:25 train_loss_not_null=7905.0, total_train_num=205312,
05/05/2019 07:07:27 valid, r_f1=0.9374333106993888, batch_num=35126, need
05/05/2019 07:07:30 test, r_f1=0.936532582852152, batch_num=35126, need
05/05/2019 07:08:05 ================================= epoch: 28 ==================================
05/05/2019 07:08:05 loss=0.011071216315031052
05/05/2019 07:08:05 train_loss_not_null=7893.0, total_train_num=205312,
05/05/2019 07:08:06 valid, r_f1=0.9376273159375303, batch_num=35928, need
05/05/2019 07:08:10 test, r_f1=0.9367266728128487, batch_num=35928, need
05/05/2019 07:08:44 ================================= epoch: 29 ==================================
05/05/2019 07:08:44 loss=0.010746171697974205
05/05/2019 07:08:44 train_loss_not_null=7758.0, total_train_num=205312,
05/05/2019 07:08:46 valid, r_f1=0.9381123290328839, batch_num=36730, need
05/05/2019 07:08:49 test, r_f1=0.9364355378718036, batch_num=36730, need
05/05/2019 07:09:23 ================================= epoch: 30 ==================================
05/05/2019 07:09:23 loss=0.01054142415523529
05/05/2019 07:09:23 train_loss_not_null=7696.0, total_train_num=205312,
05/05/2019 07:09:25 new best valid f1 found
05/05/2019 07:09:25 model saved to models/New_exp_idx_abwim_on_1/model_epoch_30.h5.
05/05/2019 07:09:25 valid, r_f1=0.9385973421282374, batch_num=37532, need
05/05/2019 07:09:28 test, r_f1=0.9362414479111068, batch_num=37532, need
05/05/2019 07:10:03 ================================= epoch: 31 ==================================
05/05/2019 07:10:03 loss=0.010898256674408913
05/05/2019 07:10:03 train_loss_not_null=7849.0, total_train_num=205056,
05/05/2019 07:10:04 new best valid f1 found
05/05/2019 07:10:04 model saved to models/New_exp_idx_abwim_on_1/model_epoch_31.h5.
05/05/2019 07:10:04 valid, r_f1=0.9389853526045203, batch_num=38333, need
05/05/2019 07:10:08 test, r_f1=0.9365811053423262, batch_num=38333, need
05/05/2019 07:10:42 ================================= epoch: 32 ==================================
05/05/2019 07:10:42 loss=0.010594647377729416
05/05/2019 07:10:42 train_loss_not_null=7687.0, total_train_num=205312,
05/05/2019 07:10:44 valid, r_f1=0.938403336890096, batch_num=39135, need
05/05/2019 07:10:47 test, r_f1=0.9365811053423262, batch_num=39135, need
05/05/2019 07:11:22 ================================= epoch: 33 ==================================
05/05/2019 07:11:22 loss=0.010576965287327766
05/05/2019 07:11:22 train_loss_not_null=7595.0, total_train_num=205312,
05/05/2019 07:11:23 valid, r_f1=0.9381123290328839, batch_num=39937, need
05/05/2019 07:11:27 test, r_f1=0.936775195303023, batch_num=39937, need
05/05/2019 07:12:01 ================================= epoch: 34 ==================================
05/05/2019 07:12:01 loss=0.0107107637450099
05/05/2019 07:12:01 train_loss_not_null=7711.0, total_train_num=205312,
05/05/2019 07:12:02 valid, r_f1=0.9380153264138131, batch_num=40739, need
05/05/2019 07:12:06 test, r_f1=0.9361929254209326, batch_num=40739, need
05/05/2019 07:12:40 ================================= epoch: 35 ==================================
05/05/2019 07:12:40 loss=0.010179409757256508
05/05/2019 07:12:40 train_loss_not_null=7386.0, total_train_num=205312,
05/05/2019 07:12:42 valid, r_f1=0.9378213211756717, batch_num=41541, need
05/05/2019 07:12:45 test, r_f1=0.9367266728128487, batch_num=41541, need
05/05/2019 07:13:19 ================================= epoch: 36 ==================================
05/05/2019 07:13:19 loss=0.010644007474184036
05/05/2019 07:13:19 train_loss_not_null=7675.0, total_train_num=204800,
05/05/2019 07:13:21 valid, r_f1=0.938403336890096, batch_num=42341, need
05/05/2019 07:13:24 test, r_f1=0.9368722402833713, batch_num=42341, need
05/05/2019 07:13:59 ================================= epoch: 37 ==================================
05/05/2019 07:13:59 loss=0.010354254394769669
05/05/2019 07:13:59 train_loss_not_null=7467.0, total_train_num=205312,
05/05/2019 07:14:00 valid, r_f1=0.9376273159375303, batch_num=43143, need
05/05/2019 07:14:04 test, r_f1=0.9368722402833713, batch_num=43143, need
05/05/2019 07:14:38 ================================= epoch: 38 ==================================
05/05/2019 07:14:38 loss=0.010387396439909935
05/05/2019 07:14:38 train_loss_not_null=7554.0, total_train_num=205056,
05/05/2019 07:14:40 valid, r_f1=0.9388883499854496, batch_num=43944, need
05/05/2019 07:14:43 test, r_f1=0.936775195303023, batch_num=43944, need
05/05/2019 07:15:18 ================================= epoch: 39 ==================================
05/05/2019 07:15:18 loss=0.010200660675764084
05/05/2019 07:15:18 train_loss_not_null=7506.0, total_train_num=205056,
05/05/2019 07:15:19 valid, r_f1=0.937724318556601, batch_num=44745, need
05/05/2019 07:15:23 test, r_f1=0.9366296278325004, batch_num=44745, need
05/05/2019 07:15:57 ================================= epoch: 40 ==================================
05/05/2019 07:15:57 loss=0.010309478268027306
05/05/2019 07:15:57 train_loss_not_null=7443.0, total_train_num=205056,
05/05/2019 07:15:59 valid, r_f1=0.9385973421282374, batch_num=45546, need
05/05/2019 07:16:02 test, r_f1=0.9362414479111068, batch_num=45546, need
05/05/2019 07:16:36 ================================= epoch: 41 ==================================
05/05/2019 07:16:36 loss=0.010385786183178425
05/05/2019 07:16:36 train_loss_not_null=7426.0, total_train_num=205056,
05/05/2019 07:16:38 valid, r_f1=0.9376273159375303, batch_num=46347, need
05/05/2019 07:16:42 test, r_f1=0.9367266728128487, batch_num=46347, need
05/05/2019 07:17:16 ================================= epoch: 42 ==================================
05/05/2019 07:17:16 loss=0.01018044725060463
05/05/2019 07:17:16 train_loss_not_null=7366.0, total_train_num=205056,
05/05/2019 07:17:18 new best valid f1 found
05/05/2019 07:17:18 model saved to models/New_exp_idx_abwim_on_1/model_epoch_42.h5.
05/05/2019 07:17:18 valid, r_f1=0.9393733630808032, batch_num=47148, need
05/05/2019 07:17:21 test, r_f1=0.9363384928914552, batch_num=47148, need
05/05/2019 07:17:55 ================================= epoch: 43 ==================================
05/05/2019 07:17:55 loss=0.01028284803032875
05/05/2019 07:17:55 train_loss_not_null=7295.0, total_train_num=205056,
05/05/2019 07:17:57 valid, r_f1=0.9390823552235911, batch_num=47949, need
05/05/2019 07:18:00 test, r_f1=0.9365811053423262, batch_num=47949, need
05/05/2019 07:18:35 ================================= epoch: 44 ==================================
05/05/2019 07:18:35 loss=0.010286573320627213
05/05/2019 07:18:35 train_loss_not_null=7476.0, total_train_num=204800,
05/05/2019 07:18:36 valid, r_f1=0.9388883499854496, batch_num=48749, need
05/05/2019 07:18:40 test, r_f1=0.9363384928914552, batch_num=48749, need
05/05/2019 07:19:14 ================================= epoch: 45 ==================================
05/05/2019 07:19:14 loss=0.010408027097582817
05/05/2019 07:19:14 train_loss_not_null=7514.0, total_train_num=204800,
05/05/2019 07:19:16 valid, r_f1=0.9392763604617325, batch_num=49549, need
05/05/2019 07:19:19 test, r_f1=0.9362414479111068, batch_num=49549, need
05/05/2019 07:19:53 ================================= epoch: 46 ==================================
05/05/2019 07:19:53 loss=0.010223140940070152
05/05/2019 07:19:53 train_loss_not_null=7330.0, total_train_num=205056,
05/05/2019 07:19:55 valid, r_f1=0.9393733630808032, batch_num=50350, need
05/05/2019 07:19:58 test, r_f1=0.9363384928914552, batch_num=50350, need
05/05/2019 07:20:33 ================================= epoch: 47 ==================================
05/05/2019 07:20:33 loss=0.010160243138670921
05/05/2019 07:20:33 train_loss_not_null=7328.0, total_train_num=204800,
05/05/2019 07:20:34 new best valid f1 found
05/05/2019 07:20:34 model saved to models/New_exp_idx_abwim_on_1/model_epoch_47.h5.
05/05/2019 07:20:34 valid, r_f1=0.9394703656998739, batch_num=51150, need
05/05/2019 07:20:38 test, r_f1=0.9368722402833713, batch_num=51150, need
05/05/2019 07:21:12 ================================= epoch: 48 ==================================
05/05/2019 07:21:12 loss=0.01022671815007925
05/05/2019 07:21:12 train_loss_not_null=7334.0, total_train_num=205056,
05/05/2019 07:21:14 valid, r_f1=0.9385003395091668, batch_num=51951, need
05/05/2019 07:21:17 test, r_f1=0.9368237177931972, batch_num=51951, need
05/05/2019 07:21:51 ================================= epoch: 49 ==================================
05/05/2019 07:21:51 loss=0.010094111785292625
05/05/2019 07:21:51 train_loss_not_null=7294.0, total_train_num=205056,
05/05/2019 07:21:53 valid, r_f1=0.9393733630808032, batch_num=52752, need
05/05/2019 07:21:56 test, r_f1=0.9365811053423262, batch_num=52752, need
05/05/2019 07:22:31 ================================= epoch: 50 ==================================
05/05/2019 07:22:31 loss=0.010108904913067818
05/05/2019 07:22:31 train_loss_not_null=7269.0, total_train_num=204800,
05/05/2019 07:22:33 new best valid f1 found
05/05/2019 07:22:33 model saved to models/New_exp_idx_abwim_on_1/model_epoch_50.h5.
05/05/2019 07:22:33 valid, r_f1=0.9395673683189446, batch_num=53552, need
05/05/2019 07:22:36 test, r_f1=0.9366296278325004, batch_num=53552, need
05/05/2019 07:23:10 ================================= epoch: 51 ==================================
05/05/2019 07:23:10 loss=0.010094938799738884
05/05/2019 07:23:10 train_loss_not_null=7331.0, total_train_num=204800,
05/05/2019 07:23:12 valid, r_f1=0.9388883499854496, batch_num=54352, need
05/05/2019 07:23:15 test, r_f1=0.9367266728128487, batch_num=54352, need
05/05/2019 07:23:50 ================================= epoch: 52 ==================================
05/05/2019 07:23:50 loss=0.010108646005392075
05/05/2019 07:23:50 train_loss_not_null=7346.0, total_train_num=205056,
05/05/2019 07:23:51 valid, r_f1=0.9383063342710253, batch_num=55153, need
05/05/2019 07:23:55 test, r_f1=0.9364355378718036, batch_num=55153, need
05/05/2019 07:24:29 ================================= epoch: 53 ==================================
05/05/2019 07:24:29 loss=0.010210519656538963
05/05/2019 07:24:29 train_loss_not_null=7342.0, total_train_num=205056,
05/05/2019 07:24:31 valid, r_f1=0.9388883499854496, batch_num=55954, need
05/05/2019 07:24:34 test, r_f1=0.9366296278325004, batch_num=55954, need
05/05/2019 07:25:08 ================================= epoch: 54 ==================================
05/05/2019 07:25:08 loss=0.010187644511461258
05/05/2019 07:25:08 train_loss_not_null=7370.0, total_train_num=204800,
05/05/2019 07:25:10 valid, r_f1=0.9393733630808032, batch_num=56754, need
05/05/2019 07:25:13 test, r_f1=0.9363870153816294, batch_num=56754, need
05/05/2019 07:25:48 ================================= epoch: 55 ==================================
05/05/2019 07:25:48 loss=0.010105399414896965
05/05/2019 07:25:48 train_loss_not_null=7320.0, total_train_num=205056,
05/05/2019 07:25:49 valid, r_f1=0.9394703656998739, batch_num=57555, need
05/05/2019 07:25:53 test, r_f1=0.9364355378718036, batch_num=57555, need
05/05/2019 07:26:27 ================================= epoch: 56 ==================================
05/05/2019 07:26:27 loss=0.010096809826791286
05/05/2019 07:26:27 train_loss_not_null=7258.0, total_train_num=204800,
05/05/2019 07:26:29 valid, r_f1=0.9394703656998739, batch_num=58355, need
05/05/2019 07:26:32 test, r_f1=0.9363384928914552, batch_num=58355, need
05/05/2019 07:27:06 ================================= epoch: 57 ==================================
05/05/2019 07:27:06 loss=0.010170900262892246
05/05/2019 07:27:06 train_loss_not_null=7240.0, total_train_num=204800,
05/05/2019 07:27:08 valid, r_f1=0.9387913473663789, batch_num=59155, need
05/05/2019 07:27:11 test, r_f1=0.936775195303023, batch_num=59155, need
05/05/2019 07:27:46 ================================= epoch: 58 ==================================
05/05/2019 07:27:46 loss=0.009720860980451107
05/05/2019 07:27:46 train_loss_not_null=7216.0, total_train_num=204800,
05/05/2019 07:27:47 valid, r_f1=0.9390823552235911, batch_num=59955, need
05/05/2019 07:27:51 test, r_f1=0.9366296278325004, batch_num=59955, need
05/05/2019 07:28:25 ================================= epoch: 59 ==================================
05/05/2019 07:28:25 loss=0.01016291044652462
05/05/2019 07:28:25 train_loss_not_null=7140.0, total_train_num=204800,
05/05/2019 07:28:27 valid, r_f1=0.9393733630808032, batch_num=60755, need
05/05/2019 07:28:30 test, r_f1=0.9366296278325004, batch_num=60755, need
05/05/2019 07:29:05 ================================= epoch: 60 ==================================
05/05/2019 07:29:05 loss=0.009946952573955059
05/05/2019 07:29:05 train_loss_not_null=7199.0, total_train_num=204800,
05/05/2019 07:29:06 valid, r_f1=0.9389853526045203, batch_num=61555, need
05/05/2019 07:29:10 test, r_f1=0.9366781503226745, batch_num=61555, need
05/05/2019 07:29:44 ================================= epoch: 61 ==================================
05/05/2019 07:29:44 loss=0.0101522421464324
05/05/2019 07:29:44 train_loss_not_null=7231.0, total_train_num=204800,
05/05/2019 07:29:46 valid, r_f1=0.9386943447473082, batch_num=62355, need
05/05/2019 07:29:49 test, r_f1=0.9367266728128487, batch_num=62355, need
05/05/2019 07:30:23 ================================= epoch: 62 ==================================
05/05/2019 07:30:23 loss=0.009812294505536556
05/05/2019 07:30:23 train_loss_not_null=7177.0, total_train_num=204800,
05/05/2019 07:30:25 valid, r_f1=0.9387913473663789, batch_num=63155, need
05/05/2019 07:30:28 test, r_f1=0.9367266728128487, batch_num=63155, need
